2019-10-29 12:10:32,464 [Worker-1: Loading available Gradle versions] INFO  o.e.b.c.i.u.g.PublishedGradleVersions - Gradle version information cache is up-to-date. Trying to read.
2019-10-29 12:15:18,453 [Worker-4: Creating project "grpc-project"] INFO  o.e.m.c.i.l.LifecycleMappingFactory - Using org.eclipse.m2e.jdt.JarLifecycleMapping lifecycle mapping for MavenProject: ie.gmit.ds:grpc-project:0.0.1-SNAPSHOT @ C:\Users\james\Distributed-Project\grpc-project\pom.xml.
2019-10-29 12:15:18,727 [Worker-4: Creating project "grpc-project"] INFO  o.e.m.j.i.AbstractJavaProjectConfigurator - Adding source folder /grpc-project/src/main/java
2019-10-29 12:15:18,729 [Worker-4: Creating project "grpc-project"] INFO  o.e.m.j.i.AbstractJavaProjectConfigurator - Adding resource folder /grpc-project/src/main/resources
2019-10-29 12:15:18,778 [Worker-4: Creating project "grpc-project"] INFO  o.e.m.j.i.AbstractJavaProjectConfigurator - Adding source folder /grpc-project/src/test/java
2019-10-29 12:15:18,778 [Worker-4: Creating project "grpc-project"] INFO  o.e.m.j.i.AbstractJavaProjectConfigurator - Adding resource folder /grpc-project/src/test/resources
2019-10-29 12:15:19,565 [Worker-4: Building workspace] WARN  o.e.m.c.i.embedder.EclipseLogger - Using platform encoding (Cp1252 actually) to copy filtered resources, i.e. build is platform dependent!
2019-10-29 12:15:19,570 [Worker-4: Building workspace] INFO  o.e.m.c.i.embedder.EclipseLogger - Copying 0 resource
2019-10-29 12:15:19,571 [Worker-4: Building workspace] WARN  o.e.m.c.i.embedder.EclipseLogger - Using platform encoding (Cp1252 actually) to copy filtered resources, i.e. build is platform dependent!
2019-10-29 12:15:19,572 [Worker-4: Building workspace] INFO  o.e.m.c.i.embedder.EclipseLogger - Copying 0 resource
2019-10-29 12:17:06,922 [Worker-15: Building workspace] INFO  o.e.m.c.i.l.LifecycleMappingFactory - Using org.eclipse.m2e.jdt.JarLifecycleMapping lifecycle mapping for MavenProject: ie.gmit.ds:grpc-project:0.0.1-SNAPSHOT @ C:\Users\james\Distributed-Project\grpc-project\pom.xml.
2019-10-29 12:17:07,526 [Worker-15: Building workspace] INFO  o.e.m.c.i.embedder.EclipseLogger - C:\Users\james\Distributed-Project\grpc-project\src\main\proto does not exist. Review the configuration or consider disabling the plugin.
2019-10-29 12:17:07,528 [Worker-15: Building workspace] INFO  o.e.m.c.i.embedder.EclipseLogger - C:\Users\james\Distributed-Project\grpc-project\src\main\proto does not exist. Review the configuration or consider disabling the plugin.
2019-10-29 12:17:07,697 [Worker-15: Building workspace] INFO  o.e.m.c.i.embedder.EclipseLogger - Using 'UTF-8' encoding to copy filtered resources.
2019-10-29 12:17:07,699 [Worker-15: Building workspace] INFO  o.e.m.c.i.embedder.EclipseLogger - Copying 0 resource
2019-10-29 12:17:07,702 [Worker-15: Building workspace] INFO  o.e.m.c.i.embedder.EclipseLogger - Using 'UTF-8' encoding to copy filtered resources.
2019-10-29 12:17:07,702 [Worker-15: Building workspace] INFO  o.e.m.c.i.embedder.EclipseLogger - Copying 0 resource
2019-10-29 12:17:28,218 [Worker-17: Launching Executing generate-sources in C__Users_james_Distributed-Project_grpc-project] INFO  o.e.m.i.launch.MavenLaunchDelegate - C:\Users\james\Distributed-Project\grpc-project
2019-10-29 12:17:28,219 [Worker-17: Launching Executing generate-sources in C__Users_james_Distributed-Project_grpc-project] INFO  o.e.m.i.launch.MavenLaunchDelegate -  mvn -B generate-sources
2019-10-29 12:18:03,959 [Worker-16: Updating Maven Project] INFO  o.e.m.c.i.p.ProjectConfigurationManager - Update started
2019-10-29 12:18:04,540 [Worker-16: Updating Maven Project] INFO  o.e.m.c.i.l.LifecycleMappingFactory - Using org.eclipse.m2e.jdt.JarLifecycleMapping lifecycle mapping for MavenProject: ie.gmit.ds:grpc-project:0.0.1-SNAPSHOT @ C:\Users\james\Distributed-Project\grpc-project\pom.xml.
2019-10-29 12:18:05,004 [Worker-16: Updating Maven Project] INFO  o.e.m.c.i.embedder.EclipseLogger - C:\Users\james\Distributed-Project\grpc-project\src\main\proto does not exist. Review the configuration or consider disabling the plugin.
2019-10-29 12:18:05,006 [Worker-16: Updating Maven Project] INFO  o.e.m.c.i.embedder.EclipseLogger - C:\Users\james\Distributed-Project\grpc-project\src\main\proto does not exist. Review the configuration or consider disabling the plugin.
2019-10-29 12:18:05,167 [Worker-16: Updating Maven Project] INFO  o.e.m.j.i.AbstractJavaProjectConfigurator - Adding source folder /grpc-project/src/main/java
2019-10-29 12:18:05,167 [Worker-16: Updating Maven Project] INFO  o.e.m.j.i.AbstractJavaProjectConfigurator - Adding resource folder /grpc-project/src/main/resources
2019-10-29 12:18:05,179 [Worker-16: Updating Maven Project] INFO  o.e.m.j.i.AbstractJavaProjectConfigurator - Adding source folder /grpc-project/src/test/java
2019-10-29 12:18:05,179 [Worker-16: Updating Maven Project] INFO  o.e.m.j.i.AbstractJavaProjectConfigurator - Adding resource folder /grpc-project/src/test/resources
2019-10-29 12:18:05,401 [Worker-16: Updating Maven Project] INFO  o.e.m.c.i.p.ProjectConfigurationManager - Update completed: 1 sec
2019-10-29 12:18:05,729 [Worker-17: Building workspace] INFO  o.e.m.c.i.embedder.EclipseLogger - C:\Users\james\Distributed-Project\grpc-project\src\main\proto does not exist. Review the configuration or consider disabling the plugin.
2019-10-29 12:18:05,730 [Worker-17: Building workspace] INFO  o.e.m.c.i.embedder.EclipseLogger - C:\Users\james\Distributed-Project\grpc-project\src\main\proto does not exist. Review the configuration or consider disabling the plugin.
2019-10-29 12:18:05,740 [Worker-17: Building workspace] INFO  o.e.m.c.i.embedder.EclipseLogger - Using 'UTF-8' encoding to copy filtered resources.
2019-10-29 12:18:05,741 [Worker-17: Building workspace] INFO  o.e.m.c.i.embedder.EclipseLogger - Copying 0 resource
2019-10-29 12:18:05,743 [Worker-17: Building workspace] INFO  o.e.m.c.i.embedder.EclipseLogger - Using 'UTF-8' encoding to copy filtered resources.
2019-10-29 12:18:05,743 [Worker-17: Building workspace] INFO  o.e.m.c.i.embedder.EclipseLogger - Copying 0 resource
2019-10-29 12:19:20,625 [Worker-18: Building workspace] INFO  o.e.m.c.i.embedder.EclipseLogger - No proto files to compile.
2019-10-29 12:19:20,628 [Worker-18: Building workspace] INFO  o.e.m.c.i.embedder.EclipseLogger - No proto files to compile.
2019-10-29 12:19:20,630 [Worker-18: Building workspace] INFO  o.e.m.c.i.embedder.EclipseLogger - Using 'UTF-8' encoding to copy filtered resources.
2019-10-29 12:19:20,631 [Worker-18: Building workspace] INFO  o.e.m.c.i.embedder.EclipseLogger - Copying 0 resource
2019-10-29 12:19:20,634 [Worker-18: Building workspace] INFO  o.e.m.c.i.embedder.EclipseLogger - Using 'UTF-8' encoding to copy filtered resources.
2019-10-29 12:19:20,634 [Worker-18: Building workspace] INFO  o.e.m.c.i.embedder.EclipseLogger - Copying 0 resource
2019-10-29 12:20:07,310 [Worker-4: Building workspace] INFO  o.e.m.c.i.embedder.EclipseLogger - Using 'UTF-8' encoding to copy filtered resources.
2019-10-29 12:20:07,310 [Worker-4: Building workspace] INFO  o.e.m.c.i.embedder.EclipseLogger - Copying 0 resource
2019-10-29 12:20:07,313 [Worker-4: Building workspace] INFO  o.e.m.c.i.embedder.EclipseLogger - Using 'UTF-8' encoding to copy filtered resources.
2019-10-29 12:20:07,313 [Worker-4: Building workspace] INFO  o.e.m.c.i.embedder.EclipseLogger - Copying 0 resource
2019-10-29 12:20:31,327 [Worker-17: Building workspace] INFO  o.e.m.c.i.embedder.EclipseLogger - Using 'UTF-8' encoding to copy filtered resources.
2019-10-29 12:20:31,328 [Worker-17: Building workspace] INFO  o.e.m.c.i.embedder.EclipseLogger - Copying 0 resource
2019-10-29 12:20:31,328 [Worker-17: Building workspace] INFO  o.e.m.c.i.embedder.EclipseLogger - Using 'UTF-8' encoding to copy filtered resources.
2019-10-29 12:20:31,329 [Worker-17: Building workspace] INFO  o.e.m.c.i.embedder.EclipseLogger - Copying 0 resource
2019-10-29 12:20:43,120 [Worker-8: Launching Executing generate-sources in C__Users_james_Distributed-Project_grpc-project] INFO  o.e.m.i.launch.MavenLaunchDelegate - C:\Users\james\Distributed-Project\grpc-project
2019-10-29 12:20:43,120 [Worker-8: Launching Executing generate-sources in C__Users_james_Distributed-Project_grpc-project] INFO  o.e.m.i.launch.MavenLaunchDelegate -  mvn -B generate-sources
2019-10-29 12:20:46,569 [Worker-8: Building workspace] INFO  o.e.m.c.i.embedder.EclipseLogger - Skipping compilation because build context has no changes.
2019-10-29 12:20:46,576 [Worker-8: Building workspace] INFO  o.e.m.c.i.embedder.EclipseLogger - Skipping compilation because build context has no changes.
2019-10-29 12:20:46,578 [Worker-8: Building workspace] INFO  o.e.m.c.i.embedder.EclipseLogger - Using 'UTF-8' encoding to copy filtered resources.
2019-10-29 12:20:46,578 [Worker-8: Building workspace] INFO  o.e.m.c.i.embedder.EclipseLogger - Copying 0 resource
2019-10-29 12:20:46,579 [Worker-8: Building workspace] INFO  o.e.m.c.i.embedder.EclipseLogger - Copying 0 resource
2019-10-29 12:20:46,580 [Worker-8: Building workspace] INFO  o.e.m.c.i.embedder.EclipseLogger - Copying 0 resource
2019-10-29 12:20:46,582 [Worker-8: Building workspace] INFO  o.e.m.c.i.embedder.EclipseLogger - Using 'UTF-8' encoding to copy filtered resources.
2019-10-29 12:20:46,582 [Worker-8: Building workspace] INFO  o.e.m.c.i.embedder.EclipseLogger - Copying 0 resource
2019-10-29 17:01:17,453 [Worker-57: Building workspace] INFO  o.e.m.c.i.embedder.EclipseLogger - Skipping compilation because build context has no changes.
2019-10-29 17:01:17,457 [Worker-57: Building workspace] INFO  o.e.m.c.i.embedder.EclipseLogger - Skipping compilation because build context has no changes.
2019-10-29 17:01:17,458 [Worker-57: Building workspace] INFO  o.e.m.c.i.embedder.EclipseLogger - Using 'UTF-8' encoding to copy filtered resources.
2019-10-29 17:01:17,459 [Worker-57: Building workspace] INFO  o.e.m.c.i.embedder.EclipseLogger - Copying 0 resource
2019-10-29 17:01:17,460 [Worker-57: Building workspace] INFO  o.e.m.c.i.embedder.EclipseLogger - Copying 1 resource
2019-10-29 17:01:17,468 [Worker-57: Building workspace] INFO  o.e.m.c.i.embedder.EclipseLogger - Copying 1 resource
2019-10-29 17:01:17,469 [Worker-57: Building workspace] INFO  o.e.m.c.i.embedder.EclipseLogger - Using 'UTF-8' encoding to copy filtered resources.
2019-10-29 17:01:17,470 [Worker-57: Building workspace] INFO  o.e.m.c.i.embedder.EclipseLogger - Copying 0 resource
2019-10-29 17:01:53,189 [Worker-58: Building workspace] INFO  o.e.m.c.i.embedder.EclipseLogger - Skipping compilation because build context has no changes.
2019-10-29 17:01:53,194 [Worker-58: Building workspace] INFO  o.e.m.c.i.embedder.EclipseLogger - Skipping compilation because build context has no changes.
2019-10-29 17:01:53,195 [Worker-58: Building workspace] INFO  o.e.m.c.i.embedder.EclipseLogger - Using 'UTF-8' encoding to copy filtered resources.
2019-10-29 17:01:53,196 [Worker-58: Building workspace] INFO  o.e.m.c.i.embedder.EclipseLogger - Copying 0 resource
2019-10-29 17:01:53,197 [Worker-58: Building workspace] INFO  o.e.m.c.i.embedder.EclipseLogger - Copying 1 resource
2019-10-29 17:01:53,199 [Worker-58: Building workspace] INFO  o.e.m.c.i.embedder.EclipseLogger - Copying 1 resource
2019-10-29 17:01:53,200 [Worker-58: Building workspace] INFO  o.e.m.c.i.embedder.EclipseLogger - Using 'UTF-8' encoding to copy filtered resources.
2019-10-29 17:01:53,200 [Worker-58: Building workspace] INFO  o.e.m.c.i.embedder.EclipseLogger - Copying 0 resource
2019-10-29 17:01:54,231 [Worker-57: Building workspace] INFO  o.e.m.c.i.embedder.EclipseLogger - Skipping compilation because build context has no changes.
2019-10-29 17:01:54,233 [Worker-57: Building workspace] INFO  o.e.m.c.i.embedder.EclipseLogger - Skipping compilation because build context has no changes.
2019-10-29 17:01:54,234 [Worker-57: Building workspace] INFO  o.e.m.c.i.embedder.EclipseLogger - Using 'UTF-8' encoding to copy filtered resources.
2019-10-29 17:01:54,234 [Worker-57: Building workspace] INFO  o.e.m.c.i.embedder.EclipseLogger - Copying 0 resource
2019-10-29 17:01:54,234 [Worker-57: Building workspace] INFO  o.e.m.c.i.embedder.EclipseLogger - Copying 0 resource
2019-10-29 17:01:54,234 [Worker-57: Building workspace] INFO  o.e.m.c.i.embedder.EclipseLogger - Copying 0 resource
2019-10-29 17:01:54,235 [Worker-57: Building workspace] INFO  o.e.m.c.i.embedder.EclipseLogger - Using 'UTF-8' encoding to copy filtered resources.
2019-10-29 17:01:54,235 [Worker-57: Building workspace] INFO  o.e.m.c.i.embedder.EclipseLogger - Copying 0 resource
2019-10-29 17:02:09,126 [Worker-21: Building workspace] INFO  o.e.m.c.i.embedder.EclipseLogger - Skipping compilation because build context has no changes.
2019-10-29 17:02:09,129 [Worker-21: Building workspace] INFO  o.e.m.c.i.embedder.EclipseLogger - Skipping compilation because build context has no changes.
2019-10-29 17:02:09,130 [Worker-21: Building workspace] INFO  o.e.m.c.i.embedder.EclipseLogger - Using 'UTF-8' encoding to copy filtered resources.
2019-10-29 17:02:09,130 [Worker-21: Building workspace] INFO  o.e.m.c.i.embedder.EclipseLogger - Copying 0 resource
2019-10-29 17:02:09,130 [Worker-21: Building workspace] INFO  o.e.m.c.i.embedder.EclipseLogger - Copying 1 resource
2019-10-29 17:02:09,131 [Worker-21: Building workspace] INFO  o.e.m.c.i.embedder.EclipseLogger - Copying 1 resource
2019-10-29 17:02:09,132 [Worker-21: Building workspace] INFO  o.e.m.c.i.embedder.EclipseLogger - Using 'UTF-8' encoding to copy filtered resources.
2019-10-29 17:02:09,132 [Worker-21: Building workspace] INFO  o.e.m.c.i.embedder.EclipseLogger - Copying 0 resource
2019-10-29 17:16:23,625 [Worker-56: Launching Executing generate-sources in C__Users_james_Distributed-Project_grpc-project] INFO  o.e.m.i.launch.MavenLaunchDelegate - C:\Users\james\Distributed-Project\grpc-project
2019-10-29 17:16:23,625 [Worker-56: Launching Executing generate-sources in C__Users_james_Distributed-Project_grpc-project] INFO  o.e.m.i.launch.MavenLaunchDelegate -  mvn -B generate-sources
2019-10-29 17:16:27,054 [Worker-56: Building workspace] INFO  o.e.m.c.i.embedder.EclipseLogger - Skipping compilation because build context has no changes.
2019-10-29 17:16:27,056 [Worker-56: Building workspace] INFO  o.e.m.c.i.embedder.EclipseLogger - Skipping compilation because build context has no changes.
2019-10-29 17:16:27,057 [Worker-56: Building workspace] INFO  o.e.m.c.i.embedder.EclipseLogger - Using 'UTF-8' encoding to copy filtered resources.
2019-10-29 17:16:27,057 [Worker-56: Building workspace] INFO  o.e.m.c.i.embedder.EclipseLogger - Copying 0 resource
2019-10-29 17:16:27,058 [Worker-56: Building workspace] INFO  o.e.m.c.i.embedder.EclipseLogger - Copying 0 resource
2019-10-29 17:16:27,058 [Worker-56: Building workspace] INFO  o.e.m.c.i.embedder.EclipseLogger - Copying 0 resource
2019-10-29 17:16:27,059 [Worker-56: Building workspace] INFO  o.e.m.c.i.embedder.EclipseLogger - Using 'UTF-8' encoding to copy filtered resources.
2019-10-29 17:16:27,059 [Worker-56: Building workspace] INFO  o.e.m.c.i.embedder.EclipseLogger - Copying 0 resource
2019-10-29 18:36:25,409 [Worker-79: Launching Executing generate-sources in C__Users_james_Distributed-Project_grpc-project] INFO  o.e.m.i.launch.MavenLaunchDelegate - C:\Users\james\Distributed-Project\grpc-project
2019-10-29 18:36:25,410 [Worker-79: Launching Executing generate-sources in C__Users_james_Distributed-Project_grpc-project] INFO  o.e.m.i.launch.MavenLaunchDelegate -  mvn -B generate-sources
2019-10-29 18:36:28,119 [Worker-81: Building workspace] INFO  o.e.m.c.i.embedder.EclipseLogger - Skipping compilation because build context has no changes.
2019-10-29 18:36:28,121 [Worker-81: Building workspace] INFO  o.e.m.c.i.embedder.EclipseLogger - Skipping compilation because build context has no changes.
2019-10-29 18:36:28,122 [Worker-81: Building workspace] INFO  o.e.m.c.i.embedder.EclipseLogger - Using 'UTF-8' encoding to copy filtered resources.
2019-10-29 18:36:28,122 [Worker-81: Building workspace] INFO  o.e.m.c.i.embedder.EclipseLogger - Copying 0 resource
2019-10-29 18:36:28,123 [Worker-81: Building workspace] INFO  o.e.m.c.i.embedder.EclipseLogger - Copying 0 resource
2019-10-29 18:36:28,123 [Worker-81: Building workspace] INFO  o.e.m.c.i.embedder.EclipseLogger - Copying 0 resource
2019-10-29 18:36:28,124 [Worker-81: Building workspace] INFO  o.e.m.c.i.embedder.EclipseLogger - Using 'UTF-8' encoding to copy filtered resources.
2019-10-29 18:36:28,124 [Worker-81: Building workspace] INFO  o.e.m.c.i.embedder.EclipseLogger - Copying 0 resource
2019-10-29 18:37:40,969 [Worker-81: Building workspace] INFO  o.e.m.c.i.embedder.EclipseLogger - Using 'UTF-8' encoding to copy filtered resources.
2019-10-29 18:37:40,969 [Worker-81: Building workspace] INFO  o.e.m.c.i.embedder.EclipseLogger - Copying 0 resource
2019-10-29 18:37:40,970 [Worker-81: Building workspace] INFO  o.e.m.c.i.embedder.EclipseLogger - Using 'UTF-8' encoding to copy filtered resources.
2019-10-29 18:37:40,970 [Worker-81: Building workspace] INFO  o.e.m.c.i.embedder.EclipseLogger - Copying 0 resource
2019-10-29 18:37:47,979 [Worker-78: Launching Executing generate-sources in C__Users_james_Distributed-Project_grpc-project] INFO  o.e.m.i.launch.MavenLaunchDelegate - C:\Users\james\Distributed-Project\grpc-project
2019-10-29 18:37:47,979 [Worker-78: Launching Executing generate-sources in C__Users_james_Distributed-Project_grpc-project] INFO  o.e.m.i.launch.MavenLaunchDelegate -  mvn -B generate-sources
2019-10-29 18:37:50,367 [Worker-81: Building workspace] INFO  o.e.m.c.i.embedder.EclipseLogger - Skipping compilation because build context has no changes.
2019-10-29 18:37:50,371 [Worker-81: Building workspace] INFO  o.e.m.c.i.embedder.EclipseLogger - Skipping compilation because build context has no changes.
2019-10-29 18:37:50,372 [Worker-81: Building workspace] INFO  o.e.m.c.i.embedder.EclipseLogger - Using 'UTF-8' encoding to copy filtered resources.
2019-10-29 18:37:50,372 [Worker-81: Building workspace] INFO  o.e.m.c.i.embedder.EclipseLogger - Copying 0 resource
2019-10-29 18:37:50,372 [Worker-81: Building workspace] INFO  o.e.m.c.i.embedder.EclipseLogger - Copying 0 resource
2019-10-29 18:37:50,373 [Worker-81: Building workspace] INFO  o.e.m.c.i.embedder.EclipseLogger - Copying 0 resource
2019-10-29 18:37:50,374 [Worker-81: Building workspace] INFO  o.e.m.c.i.embedder.EclipseLogger - Using 'UTF-8' encoding to copy filtered resources.
2019-10-29 18:37:50,374 [Worker-81: Building workspace] INFO  o.e.m.c.i.embedder.EclipseLogger - Copying 0 resource
2019-10-29 18:41:23,038 [Worker-80: Building workspace] INFO  o.e.m.c.i.embedder.EclipseLogger - Using 'UTF-8' encoding to copy filtered resources.
2019-10-29 18:41:23,038 [Worker-80: Building workspace] INFO  o.e.m.c.i.embedder.EclipseLogger - Copying 0 resource
2019-10-29 18:41:23,039 [Worker-80: Building workspace] INFO  o.e.m.c.i.embedder.EclipseLogger - Using 'UTF-8' encoding to copy filtered resources.
2019-10-29 18:41:23,039 [Worker-80: Building workspace] INFO  o.e.m.c.i.embedder.EclipseLogger - Copying 0 resource
2019-10-29 18:41:42,432 [Worker-80: Building workspace] INFO  o.e.m.c.i.embedder.EclipseLogger - Using 'UTF-8' encoding to copy filtered resources.
2019-10-29 18:41:42,432 [Worker-80: Building workspace] INFO  o.e.m.c.i.embedder.EclipseLogger - Copying 0 resource
2019-10-29 18:41:42,433 [Worker-80: Building workspace] INFO  o.e.m.c.i.embedder.EclipseLogger - Using 'UTF-8' encoding to copy filtered resources.
2019-10-29 18:41:42,433 [Worker-80: Building workspace] INFO  o.e.m.c.i.embedder.EclipseLogger - Copying 0 resource
2019-10-29 18:41:52,412 [Worker-80: Launching Executing generate-sources in C__Users_james_Distributed-Project_grpc-project] INFO  o.e.m.i.launch.MavenLaunchDelegate - C:\Users\james\Distributed-Project\grpc-project
2019-10-29 18:41:52,413 [Worker-80: Launching Executing generate-sources in C__Users_james_Distributed-Project_grpc-project] INFO  o.e.m.i.launch.MavenLaunchDelegate -  mvn -B generate-sources
2019-10-29 18:41:54,903 [Worker-85: Building workspace] INFO  o.e.m.c.i.embedder.EclipseLogger - Skipping compilation because build context has no changes.
2019-10-29 18:41:54,909 [Worker-85: Building workspace] INFO  o.e.m.c.i.embedder.EclipseLogger - Skipping compilation because build context has no changes.
2019-10-29 18:41:54,912 [Worker-85: Building workspace] INFO  o.e.m.c.i.embedder.EclipseLogger - Using 'UTF-8' encoding to copy filtered resources.
2019-10-29 18:41:54,913 [Worker-85: Building workspace] INFO  o.e.m.c.i.embedder.EclipseLogger - Copying 0 resource
2019-10-29 18:41:54,914 [Worker-85: Building workspace] INFO  o.e.m.c.i.embedder.EclipseLogger - Copying 0 resource
2019-10-29 18:41:54,914 [Worker-85: Building workspace] INFO  o.e.m.c.i.embedder.EclipseLogger - Copying 0 resource
2019-10-29 18:41:54,916 [Worker-85: Building workspace] INFO  o.e.m.c.i.embedder.EclipseLogger - Using 'UTF-8' encoding to copy filtered resources.
2019-10-29 18:41:54,917 [Worker-85: Building workspace] INFO  o.e.m.c.i.embedder.EclipseLogger - Copying 0 resource
2019-10-29 18:47:08,298 [Worker-86: Building workspace] INFO  o.e.m.c.i.embedder.EclipseLogger - Using 'UTF-8' encoding to copy filtered resources.
2019-10-29 18:47:08,298 [Worker-86: Building workspace] INFO  o.e.m.c.i.embedder.EclipseLogger - Copying 0 resource
2019-10-29 18:47:08,299 [Worker-86: Building workspace] INFO  o.e.m.c.i.embedder.EclipseLogger - Using 'UTF-8' encoding to copy filtered resources.
2019-10-29 18:47:08,299 [Worker-86: Building workspace] INFO  o.e.m.c.i.embedder.EclipseLogger - Copying 0 resource
2019-10-29 18:47:16,189 [Worker-86: Launching Executing generate-sources in C__Users_james_Distributed-Project_grpc-project] INFO  o.e.m.i.launch.MavenLaunchDelegate - C:\Users\james\Distributed-Project\grpc-project
2019-10-29 18:47:16,190 [Worker-86: Launching Executing generate-sources in C__Users_james_Distributed-Project_grpc-project] INFO  o.e.m.i.launch.MavenLaunchDelegate -  mvn -B generate-sources
2019-10-29 18:47:19,337 [Worker-80: Building workspace] INFO  o.e.m.c.i.embedder.EclipseLogger - Skipping compilation because build context has no changes.
2019-10-29 18:47:19,345 [Worker-80: Building workspace] INFO  o.e.m.c.i.embedder.EclipseLogger - Skipping compilation because build context has no changes.
2019-10-29 18:47:19,346 [Worker-80: Building workspace] INFO  o.e.m.c.i.embedder.EclipseLogger - Using 'UTF-8' encoding to copy filtered resources.
2019-10-29 18:47:19,347 [Worker-80: Building workspace] INFO  o.e.m.c.i.embedder.EclipseLogger - Copying 0 resource
2019-10-29 18:47:19,348 [Worker-80: Building workspace] INFO  o.e.m.c.i.embedder.EclipseLogger - Copying 0 resource
2019-10-29 18:47:19,348 [Worker-80: Building workspace] INFO  o.e.m.c.i.embedder.EclipseLogger - Copying 0 resource
2019-10-29 18:47:19,349 [Worker-80: Building workspace] INFO  o.e.m.c.i.embedder.EclipseLogger - Using 'UTF-8' encoding to copy filtered resources.
2019-10-29 18:47:19,349 [Worker-80: Building workspace] INFO  o.e.m.c.i.embedder.EclipseLogger - Copying 0 resource
2019-10-29 18:54:01,797 [Worker-90: Building workspace] INFO  o.e.m.c.i.embedder.EclipseLogger - Skipping compilation because build context has no changes.
2019-10-29 18:54:01,840 [Worker-90: Building workspace] INFO  o.e.m.c.i.embedder.EclipseLogger - Skipping compilation because build context has no changes.
2019-10-29 18:54:01,841 [Worker-90: Building workspace] INFO  o.e.m.c.i.embedder.EclipseLogger - Using 'UTF-8' encoding to copy filtered resources.
2019-10-29 18:54:01,842 [Worker-90: Building workspace] INFO  o.e.m.c.i.embedder.EclipseLogger - Copying 0 resource
2019-10-29 18:54:01,843 [Worker-90: Building workspace] INFO  o.e.m.c.i.embedder.EclipseLogger - Copying 1 resource
2019-10-29 18:54:01,847 [Worker-90: Building workspace] INFO  o.e.m.c.i.embedder.EclipseLogger - Copying 1 resource
2019-10-29 18:54:01,848 [Worker-90: Building workspace] INFO  o.e.m.c.i.embedder.EclipseLogger - Using 'UTF-8' encoding to copy filtered resources.
2019-10-29 18:54:01,848 [Worker-90: Building workspace] INFO  o.e.m.c.i.embedder.EclipseLogger - Copying 0 resource
2019-10-29 19:00:59,046 [Worker-80: Building workspace] INFO  o.e.m.c.i.embedder.EclipseLogger - Skipping compilation because build context has no changes.
2019-10-29 19:00:59,050 [Worker-80: Building workspace] INFO  o.e.m.c.i.embedder.EclipseLogger - Skipping compilation because build context has no changes.
2019-10-29 19:00:59,051 [Worker-80: Building workspace] INFO  o.e.m.c.i.embedder.EclipseLogger - Using 'UTF-8' encoding to copy filtered resources.
2019-10-29 19:00:59,051 [Worker-80: Building workspace] INFO  o.e.m.c.i.embedder.EclipseLogger - Copying 0 resource
2019-10-29 19:00:59,052 [Worker-80: Building workspace] INFO  o.e.m.c.i.embedder.EclipseLogger - Copying 1 resource
2019-10-29 19:00:59,052 [Worker-80: Building workspace] INFO  o.e.m.c.i.embedder.EclipseLogger - Copying 1 resource
2019-10-29 19:00:59,053 [Worker-80: Building workspace] INFO  o.e.m.c.i.embedder.EclipseLogger - Using 'UTF-8' encoding to copy filtered resources.
2019-10-29 19:00:59,053 [Worker-80: Building workspace] INFO  o.e.m.c.i.embedder.EclipseLogger - Copying 0 resource
2019-10-29 19:08:33,224 [Worker-85: Building workspace] INFO  o.e.m.c.i.embedder.EclipseLogger - Skipping compilation because build context has no changes.
2019-10-29 19:08:33,227 [Worker-85: Building workspace] INFO  o.e.m.c.i.embedder.EclipseLogger - Skipping compilation because build context has no changes.
2019-10-29 19:08:33,229 [Worker-85: Building workspace] INFO  o.e.m.c.i.embedder.EclipseLogger - Using 'UTF-8' encoding to copy filtered resources.
2019-10-29 19:08:33,229 [Worker-85: Building workspace] INFO  o.e.m.c.i.embedder.EclipseLogger - Copying 0 resource
2019-10-29 19:08:33,230 [Worker-85: Building workspace] INFO  o.e.m.c.i.embedder.EclipseLogger - Copying 1 resource
2019-10-29 19:08:33,230 [Worker-85: Building workspace] INFO  o.e.m.c.i.embedder.EclipseLogger - Copying 1 resource
2019-10-29 19:08:33,233 [Worker-85: Building workspace] INFO  o.e.m.c.i.embedder.EclipseLogger - Using 'UTF-8' encoding to copy filtered resources.
2019-10-29 19:08:33,233 [Worker-85: Building workspace] INFO  o.e.m.c.i.embedder.EclipseLogger - Copying 0 resource
2019-10-29 19:09:53,746 [Worker-85: Updating Maven Project] INFO  o.e.m.c.i.p.ProjectConfigurationManager - Update started
2019-10-29 19:09:54,356 [Worker-85: Updating Maven Project] INFO  o.e.m.c.i.l.LifecycleMappingFactory - Using org.eclipse.m2e.jdt.JarLifecycleMapping lifecycle mapping for MavenProject: ie.gmit.ds:grpc-project:0.0.1-SNAPSHOT @ C:\Users\james\Distributed-Project\grpc-project\pom.xml.
2019-10-29 19:09:54,789 [Worker-85: Updating Maven Project] INFO  o.e.m.c.i.embedder.EclipseLogger - Skipping compilation because build context has no changes.
2019-10-29 19:09:54,792 [Worker-85: Updating Maven Project] INFO  o.e.m.c.i.embedder.EclipseLogger - Skipping compilation because build context has no changes.
2019-10-29 19:09:54,890 [Worker-85: Updating Maven Project] INFO  o.e.m.j.i.AbstractJavaProjectConfigurator - Adding source folder /grpc-project/src/main/java
2019-10-29 19:09:54,896 [Worker-85: Updating Maven Project] INFO  o.e.m.j.i.AbstractJavaProjectConfigurator - Adding source folder /grpc-project/target/generated-sources/protobuf/java
2019-10-29 19:09:54,901 [Worker-85: Updating Maven Project] INFO  o.e.m.j.i.AbstractJavaProjectConfigurator - Adding source folder /grpc-project/target/generated-sources/protobuf/grpc-java
2019-10-29 19:09:54,901 [Worker-85: Updating Maven Project] INFO  o.e.m.j.i.AbstractJavaProjectConfigurator - Adding resource folder /grpc-project/src/main/resources
2019-10-29 19:09:54,902 [Worker-85: Updating Maven Project] INFO  o.e.m.j.i.AbstractJavaProjectConfigurator - Adding resource folder /grpc-project/src/main/proto
2019-10-29 19:09:54,906 [Worker-85: Updating Maven Project] INFO  o.e.m.j.i.AbstractJavaProjectConfigurator - Adding resource folder /grpc-project/src/main/proto
2019-10-29 19:09:54,906 [Worker-85: Updating Maven Project] INFO  o.e.m.j.i.AbstractJavaProjectConfigurator - Adding source folder /grpc-project/src/test/java
2019-10-29 19:09:54,907 [Worker-85: Updating Maven Project] INFO  o.e.m.j.i.AbstractJavaProjectConfigurator - Adding resource folder /grpc-project/src/test/resources
2019-10-29 19:09:55,119 [Worker-85: Updating Maven Project] INFO  o.e.m.c.i.p.ProjectConfigurationManager - Update completed: 1 sec
2019-10-29 19:09:56,417 [Worker-91: Building workspace] INFO  o.e.m.c.i.embedder.EclipseLogger - Using 'UTF-8' encoding to copy filtered resources.
2019-10-29 19:09:56,417 [Worker-91: Building workspace] INFO  o.e.m.c.i.embedder.EclipseLogger - Copying 0 resource
2019-10-29 19:09:56,418 [Worker-91: Building workspace] INFO  o.e.m.c.i.embedder.EclipseLogger - Using 'UTF-8' encoding to copy filtered resources.
2019-10-29 19:09:56,419 [Worker-91: Building workspace] INFO  o.e.m.c.i.embedder.EclipseLogger - Copying 0 resource
2019-10-29 19:09:57,507 [Worker-91: Building workspace] INFO  o.e.m.c.i.embedder.EclipseLogger - Skipping compilation because build context has no changes.
2019-10-29 19:09:57,509 [Worker-91: Building workspace] INFO  o.e.m.c.i.embedder.EclipseLogger - Skipping compilation because build context has no changes.
2019-10-29 19:09:57,510 [Worker-91: Building workspace] INFO  o.e.m.c.i.embedder.EclipseLogger - Using 'UTF-8' encoding to copy filtered resources.
2019-10-29 19:09:57,512 [Worker-91: Building workspace] INFO  o.e.m.c.i.embedder.EclipseLogger - Copying 0 resource
2019-10-29 19:09:57,513 [Worker-91: Building workspace] INFO  o.e.m.c.i.embedder.EclipseLogger - Copying 1 resource
2019-10-29 19:09:57,521 [Worker-91: Building workspace] INFO  o.e.m.c.i.embedder.EclipseLogger - Copying 1 resource
2019-10-29 19:09:57,522 [Worker-91: Building workspace] INFO  o.e.m.c.i.embedder.EclipseLogger - Using 'UTF-8' encoding to copy filtered resources.
2019-10-29 19:09:57,522 [Worker-91: Building workspace] INFO  o.e.m.c.i.embedder.EclipseLogger - Copying 0 resource
2019-10-29 19:09:58,560 [Worker-96: Building workspace] INFO  o.e.m.c.i.embedder.EclipseLogger - Skipping compilation because build context has no changes.
2019-10-29 19:09:58,562 [Worker-96: Building workspace] INFO  o.e.m.c.i.embedder.EclipseLogger - Skipping compilation because build context has no changes.
2019-10-29 19:09:58,563 [Worker-96: Building workspace] INFO  o.e.m.c.i.embedder.EclipseLogger - Using 'UTF-8' encoding to copy filtered resources.
2019-10-29 19:09:58,563 [Worker-96: Building workspace] INFO  o.e.m.c.i.embedder.EclipseLogger - Copying 0 resource
2019-10-29 19:09:58,564 [Worker-96: Building workspace] INFO  o.e.m.c.i.embedder.EclipseLogger - Copying 1 resource
2019-10-29 19:09:58,567 [Worker-96: Building workspace] INFO  o.e.m.c.i.embedder.EclipseLogger - Copying 1 resource
2019-10-29 19:09:58,568 [Worker-96: Building workspace] INFO  o.e.m.c.i.embedder.EclipseLogger - Using 'UTF-8' encoding to copy filtered resources.
2019-10-29 19:09:58,568 [Worker-96: Building workspace] INFO  o.e.m.c.i.embedder.EclipseLogger - Copying 0 resource
2019-10-29 19:11:14,768 [Worker-94: Launching Executing generate-sources in C__Users_james_Distributed-Project_grpc-project] INFO  o.e.m.i.launch.MavenLaunchDelegate - C:\Users\james\Distributed-Project\grpc-project
2019-10-29 19:11:14,768 [Worker-94: Launching Executing generate-sources in C__Users_james_Distributed-Project_grpc-project] INFO  o.e.m.i.launch.MavenLaunchDelegate -  mvn -B generate-sources
2019-10-29 19:11:18,233 [Worker-85: Building workspace] INFO  o.e.m.c.i.embedder.EclipseLogger - Skipping compilation because build context has no changes.
2019-10-29 19:11:18,236 [Worker-85: Building workspace] INFO  o.e.m.c.i.embedder.EclipseLogger - Skipping compilation because build context has no changes.
2019-10-29 19:11:18,238 [Worker-85: Building workspace] INFO  o.e.m.c.i.embedder.EclipseLogger - Using 'UTF-8' encoding to copy filtered resources.
2019-10-29 19:11:18,238 [Worker-85: Building workspace] INFO  o.e.m.c.i.embedder.EclipseLogger - Copying 0 resource
2019-10-29 19:11:18,239 [Worker-85: Building workspace] INFO  o.e.m.c.i.embedder.EclipseLogger - Copying 1 resource
2019-10-29 19:11:18,240 [Worker-85: Building workspace] INFO  o.e.m.c.i.embedder.EclipseLogger - Copying 1 resource
2019-10-29 19:11:18,241 [Worker-85: Building workspace] INFO  o.e.m.c.i.embedder.EclipseLogger - Using 'UTF-8' encoding to copy filtered resources.
2019-10-29 19:11:18,242 [Worker-85: Building workspace] INFO  o.e.m.c.i.embedder.EclipseLogger - Copying 0 resource
2019-10-29 19:19:48,487 [Worker-85: Building workspace] INFO  o.e.m.c.i.embedder.EclipseLogger - Using 'UTF-8' encoding to copy filtered resources.
2019-10-29 19:19:48,487 [Worker-85: Building workspace] INFO  o.e.m.c.i.embedder.EclipseLogger - Copying 0 resource
2019-10-29 19:19:48,487 [Worker-85: Building workspace] INFO  o.e.m.c.i.embedder.EclipseLogger - Using 'UTF-8' encoding to copy filtered resources.
2019-10-29 19:19:48,488 [Worker-85: Building workspace] INFO  o.e.m.c.i.embedder.EclipseLogger - Copying 0 resource
2019-10-29 19:19:58,713 [Worker-85: Launching Executing generate-sources in C__Users_james_Distributed-Project_grpc-project] INFO  o.e.m.i.launch.MavenLaunchDelegate - C:\Users\james\Distributed-Project\grpc-project
2019-10-29 19:19:58,714 [Worker-85: Launching Executing generate-sources in C__Users_james_Distributed-Project_grpc-project] INFO  o.e.m.i.launch.MavenLaunchDelegate -  mvn -B generate-sources
2019-10-29 19:20:01,972 [Worker-99: Building workspace] INFO  o.e.m.c.i.embedder.EclipseLogger - Skipping compilation because build context has no changes.
2019-10-29 19:20:01,975 [Worker-99: Building workspace] INFO  o.e.m.c.i.embedder.EclipseLogger - Skipping compilation because build context has no changes.
2019-10-29 19:20:01,976 [Worker-99: Building workspace] INFO  o.e.m.c.i.embedder.EclipseLogger - Using 'UTF-8' encoding to copy filtered resources.
2019-10-29 19:20:01,977 [Worker-99: Building workspace] INFO  o.e.m.c.i.embedder.EclipseLogger - Copying 0 resource
2019-10-29 19:20:01,978 [Worker-99: Building workspace] INFO  o.e.m.c.i.embedder.EclipseLogger - Copying 1 resource
2019-10-29 19:20:01,982 [Worker-99: Building workspace] INFO  o.e.m.c.i.embedder.EclipseLogger - Copying 1 resource
2019-10-29 19:20:01,983 [Worker-99: Building workspace] INFO  o.e.m.c.i.embedder.EclipseLogger - Using 'UTF-8' encoding to copy filtered resources.
2019-10-29 19:20:01,983 [Worker-99: Building workspace] INFO  o.e.m.c.i.embedder.EclipseLogger - Copying 0 resource
2019-10-29 19:51:50,607 [Worker-98: Building workspace] INFO  o.e.m.c.i.embedder.EclipseLogger - Using 'UTF-8' encoding to copy filtered resources.
2019-10-29 19:51:50,608 [Worker-98: Building workspace] INFO  o.e.m.c.i.embedder.EclipseLogger - Copying 0 resource
2019-10-29 19:51:50,609 [Worker-98: Building workspace] INFO  o.e.m.c.i.embedder.EclipseLogger - Using 'UTF-8' encoding to copy filtered resources.
2019-10-29 19:51:50,609 [Worker-98: Building workspace] INFO  o.e.m.c.i.embedder.EclipseLogger - Copying 0 resource
2019-10-29 19:52:25,423 [Worker-98: Launching Executing generate-sources in C__Users_james_Distributed-Project_grpc-project] INFO  o.e.m.i.launch.MavenLaunchDelegate - C:\Users\james\Distributed-Project\grpc-project
2019-10-29 19:52:25,424 [Worker-98: Launching Executing generate-sources in C__Users_james_Distributed-Project_grpc-project] INFO  o.e.m.i.launch.MavenLaunchDelegate -  mvn -B generate-sources
2019-10-29 19:52:28,312 [Worker-110: Building workspace] INFO  o.e.m.c.i.embedder.EclipseLogger - Skipping compilation because build context has no changes.
2019-10-29 19:52:28,316 [Worker-110: Building workspace] INFO  o.e.m.c.i.embedder.EclipseLogger - Skipping compilation because build context has no changes.
2019-10-29 19:52:28,317 [Worker-110: Building workspace] INFO  o.e.m.c.i.embedder.EclipseLogger - Using 'UTF-8' encoding to copy filtered resources.
2019-10-29 19:52:28,318 [Worker-110: Building workspace] INFO  o.e.m.c.i.embedder.EclipseLogger - Copying 0 resource
2019-10-29 19:52:28,318 [Worker-110: Building workspace] INFO  o.e.m.c.i.embedder.EclipseLogger - Copying 1 resource
2019-10-29 19:52:28,322 [Worker-110: Building workspace] INFO  o.e.m.c.i.embedder.EclipseLogger - Copying 1 resource
2019-10-29 19:52:28,323 [Worker-110: Building workspace] INFO  o.e.m.c.i.embedder.EclipseLogger - Using 'UTF-8' encoding to copy filtered resources.
2019-10-29 19:52:28,323 [Worker-110: Building workspace] INFO  o.e.m.c.i.embedder.EclipseLogger - Copying 0 resource
2019-10-29 19:52:59,465 [Worker-109: Building workspace] INFO  o.e.m.c.i.embedder.EclipseLogger - Using 'UTF-8' encoding to copy filtered resources.
2019-10-29 19:52:59,466 [Worker-109: Building workspace] INFO  o.e.m.c.i.embedder.EclipseLogger - Copying 0 resource
2019-10-29 19:52:59,466 [Worker-109: Building workspace] INFO  o.e.m.c.i.embedder.EclipseLogger - Using 'UTF-8' encoding to copy filtered resources.
2019-10-29 19:52:59,466 [Worker-109: Building workspace] INFO  o.e.m.c.i.embedder.EclipseLogger - Copying 0 resource
2019-10-29 19:53:08,954 [Worker-106: Building workspace] INFO  o.e.m.c.i.embedder.EclipseLogger - Skipping compilation because build context has no changes.
2019-10-29 19:53:08,957 [Worker-106: Building workspace] INFO  o.e.m.c.i.embedder.EclipseLogger - Skipping compilation because build context has no changes.
2019-10-29 19:53:08,958 [Worker-106: Building workspace] INFO  o.e.m.c.i.embedder.EclipseLogger - Using 'UTF-8' encoding to copy filtered resources.
2019-10-29 19:53:08,958 [Worker-106: Building workspace] INFO  o.e.m.c.i.embedder.EclipseLogger - Copying 0 resource
2019-10-29 19:53:08,959 [Worker-106: Building workspace] INFO  o.e.m.c.i.embedder.EclipseLogger - Copying 1 resource
2019-10-29 19:53:08,963 [Worker-106: Building workspace] INFO  o.e.m.c.i.embedder.EclipseLogger - Copying 1 resource
2019-10-29 19:53:08,964 [Worker-106: Building workspace] INFO  o.e.m.c.i.embedder.EclipseLogger - Using 'UTF-8' encoding to copy filtered resources.
2019-10-29 19:53:08,964 [Worker-106: Building workspace] INFO  o.e.m.c.i.embedder.EclipseLogger - Copying 0 resource
2019-10-29 19:53:17,306 [Worker-98: Launching Executing generate-sources in C__Users_james_Distributed-Project_grpc-project] INFO  o.e.m.i.launch.MavenLaunchDelegate - C:\Users\james\Distributed-Project\grpc-project
2019-10-29 19:53:17,306 [Worker-98: Launching Executing generate-sources in C__Users_james_Distributed-Project_grpc-project] INFO  o.e.m.i.launch.MavenLaunchDelegate -  mvn -B generate-sources
2019-10-29 19:53:20,390 [Worker-112: Building workspace] INFO  o.e.m.c.i.embedder.EclipseLogger - Skipping compilation because build context has no changes.
2019-10-29 19:53:20,393 [Worker-112: Building workspace] INFO  o.e.m.c.i.embedder.EclipseLogger - Skipping compilation because build context has no changes.
2019-10-29 19:53:20,394 [Worker-112: Building workspace] INFO  o.e.m.c.i.embedder.EclipseLogger - Using 'UTF-8' encoding to copy filtered resources.
2019-10-29 19:53:20,394 [Worker-112: Building workspace] INFO  o.e.m.c.i.embedder.EclipseLogger - Copying 0 resource
2019-10-29 19:53:20,395 [Worker-112: Building workspace] INFO  o.e.m.c.i.embedder.EclipseLogger - Copying 1 resource
2019-10-29 19:53:20,396 [Worker-112: Building workspace] INFO  o.e.m.c.i.embedder.EclipseLogger - Copying 1 resource
2019-10-29 19:53:20,397 [Worker-112: Building workspace] INFO  o.e.m.c.i.embedder.EclipseLogger - Using 'UTF-8' encoding to copy filtered resources.
2019-10-29 19:53:20,397 [Worker-112: Building workspace] INFO  o.e.m.c.i.embedder.EclipseLogger - Copying 0 resource
2019-10-29 19:53:35,783 [Worker-106: Building workspace] INFO  o.e.m.c.i.embedder.EclipseLogger - Using 'UTF-8' encoding to copy filtered resources.
2019-10-29 19:53:35,783 [Worker-106: Building workspace] INFO  o.e.m.c.i.embedder.EclipseLogger - Copying 0 resource
2019-10-29 19:53:35,784 [Worker-106: Building workspace] INFO  o.e.m.c.i.embedder.EclipseLogger - Using 'UTF-8' encoding to copy filtered resources.
2019-10-29 19:53:35,784 [Worker-106: Building workspace] INFO  o.e.m.c.i.embedder.EclipseLogger - Copying 0 resource
2019-10-29 19:53:40,570 [Worker-109: Launching Executing generate-sources in C__Users_james_Distributed-Project_grpc-project] INFO  o.e.m.i.launch.MavenLaunchDelegate - C:\Users\james\Distributed-Project\grpc-project
2019-10-29 19:53:40,570 [Worker-109: Launching Executing generate-sources in C__Users_james_Distributed-Project_grpc-project] INFO  o.e.m.i.launch.MavenLaunchDelegate -  mvn -B generate-sources
2019-10-29 19:53:43,420 [Worker-98: Building workspace] INFO  o.e.m.c.i.embedder.EclipseLogger - Skipping compilation because build context has no changes.
2019-10-29 19:53:43,421 [Worker-98: Building workspace] INFO  o.e.m.c.i.embedder.EclipseLogger - Skipping compilation because build context has no changes.
2019-10-29 19:53:43,422 [Worker-98: Building workspace] INFO  o.e.m.c.i.embedder.EclipseLogger - Using 'UTF-8' encoding to copy filtered resources.
2019-10-29 19:53:43,423 [Worker-98: Building workspace] INFO  o.e.m.c.i.embedder.EclipseLogger - Copying 0 resource
2019-10-29 19:53:43,423 [Worker-98: Building workspace] INFO  o.e.m.c.i.embedder.EclipseLogger - Copying 1 resource
2019-10-29 19:53:43,426 [Worker-98: Building workspace] INFO  o.e.m.c.i.embedder.EclipseLogger - Copying 1 resource
2019-10-29 19:53:43,427 [Worker-98: Building workspace] INFO  o.e.m.c.i.embedder.EclipseLogger - Using 'UTF-8' encoding to copy filtered resources.
2019-10-29 19:53:43,428 [Worker-98: Building workspace] INFO  o.e.m.c.i.embedder.EclipseLogger - Copying 0 resource
2019-10-29 19:54:09,434 [Worker-98: Updating Maven Project] INFO  o.e.m.c.i.p.ProjectConfigurationManager - Update started
2019-10-29 19:54:09,932 [Worker-98: Updating Maven Project] INFO  o.e.m.c.i.l.LifecycleMappingFactory - Using org.eclipse.m2e.jdt.JarLifecycleMapping lifecycle mapping for MavenProject: ie.gmit.ds:grpc-project:0.0.1-SNAPSHOT @ C:\Users\james\Distributed-Project\grpc-project\pom.xml.
2019-10-29 19:54:10,323 [Worker-98: Updating Maven Project] INFO  o.e.m.c.i.embedder.EclipseLogger - Skipping compilation because build context has no changes.
2019-10-29 19:54:10,326 [Worker-98: Updating Maven Project] INFO  o.e.m.c.i.embedder.EclipseLogger - Skipping compilation because build context has no changes.
2019-10-29 19:54:10,413 [Worker-98: Updating Maven Project] INFO  o.e.m.j.i.AbstractJavaProjectConfigurator - Adding source folder /grpc-project/src/main/java
2019-10-29 19:54:10,413 [Worker-98: Updating Maven Project] INFO  o.e.m.j.i.AbstractJavaProjectConfigurator - Adding source folder /grpc-project/target/generated-sources/protobuf/java
2019-10-29 19:54:10,413 [Worker-98: Updating Maven Project] INFO  o.e.m.j.i.AbstractJavaProjectConfigurator - Adding source folder /grpc-project/target/generated-sources/protobuf/grpc-java
2019-10-29 19:54:10,413 [Worker-98: Updating Maven Project] INFO  o.e.m.j.i.AbstractJavaProjectConfigurator - Adding resource folder /grpc-project/src/main/resources
2019-10-29 19:54:10,414 [Worker-98: Updating Maven Project] INFO  o.e.m.j.i.AbstractJavaProjectConfigurator - Adding resource folder /grpc-project/src/main/proto
2019-10-29 19:54:10,414 [Worker-98: Updating Maven Project] INFO  o.e.m.j.i.AbstractJavaProjectConfigurator - Adding resource folder /grpc-project/src/main/proto
2019-10-29 19:54:10,414 [Worker-98: Updating Maven Project] INFO  o.e.m.j.i.AbstractJavaProjectConfigurator - Adding source folder /grpc-project/src/test/java
2019-10-29 19:54:10,414 [Worker-98: Updating Maven Project] INFO  o.e.m.j.i.AbstractJavaProjectConfigurator - Adding resource folder /grpc-project/src/test/resources
2019-10-29 19:54:10,548 [Worker-98: Updating Maven Project] INFO  o.e.m.c.i.p.ProjectConfigurationManager - Update completed: 1 sec
2019-10-29 19:54:11,162 [Worker-98: Building workspace] INFO  o.e.m.c.i.embedder.EclipseLogger - Using 'UTF-8' encoding to copy filtered resources.
2019-10-29 19:54:11,163 [Worker-98: Building workspace] INFO  o.e.m.c.i.embedder.EclipseLogger - Copying 0 resource
2019-10-29 19:54:11,164 [Worker-98: Building workspace] INFO  o.e.m.c.i.embedder.EclipseLogger - Using 'UTF-8' encoding to copy filtered resources.
2019-10-29 19:54:11,164 [Worker-98: Building workspace] INFO  o.e.m.c.i.embedder.EclipseLogger - Copying 0 resource
2019-10-29 19:54:15,372 [Worker-109: Launching Executing generate-sources in C__Users_james_Distributed-Project_grpc-project] INFO  o.e.m.i.launch.MavenLaunchDelegate - C:\Users\james\Distributed-Project\grpc-project
2019-10-29 19:54:15,372 [Worker-109: Launching Executing generate-sources in C__Users_james_Distributed-Project_grpc-project] INFO  o.e.m.i.launch.MavenLaunchDelegate -  mvn -B generate-sources
2019-10-29 19:54:18,100 [Worker-98: Building workspace] INFO  o.e.m.c.i.embedder.EclipseLogger - Skipping compilation because build context has no changes.
2019-10-29 19:54:18,104 [Worker-98: Building workspace] INFO  o.e.m.c.i.embedder.EclipseLogger - Skipping compilation because build context has no changes.
2019-10-29 19:54:18,105 [Worker-98: Building workspace] INFO  o.e.m.c.i.embedder.EclipseLogger - Using 'UTF-8' encoding to copy filtered resources.
2019-10-29 19:54:18,107 [Worker-98: Building workspace] INFO  o.e.m.c.i.embedder.EclipseLogger - Copying 0 resource
2019-10-29 19:54:18,108 [Worker-98: Building workspace] INFO  o.e.m.c.i.embedder.EclipseLogger - Copying 0 resource
2019-10-29 19:54:18,108 [Worker-98: Building workspace] INFO  o.e.m.c.i.embedder.EclipseLogger - Copying 0 resource
2019-10-29 19:54:18,109 [Worker-98: Building workspace] INFO  o.e.m.c.i.embedder.EclipseLogger - Using 'UTF-8' encoding to copy filtered resources.
2019-10-29 19:54:18,110 [Worker-98: Building workspace] INFO  o.e.m.c.i.embedder.EclipseLogger - Copying 0 resource
2019-10-29 19:54:42,887 [Worker-106: Building workspace] INFO  o.e.m.c.i.embedder.EclipseLogger - Skipping compilation because build context has no changes.
2019-10-29 19:54:42,889 [Worker-106: Building workspace] INFO  o.e.m.c.i.embedder.EclipseLogger - Skipping compilation because build context has no changes.
2019-10-29 19:54:42,891 [Worker-106: Building workspace] INFO  o.e.m.c.i.embedder.EclipseLogger - Using 'UTF-8' encoding to copy filtered resources.
2019-10-29 19:54:42,891 [Worker-106: Building workspace] INFO  o.e.m.c.i.embedder.EclipseLogger - Copying 0 resource
2019-10-29 19:54:42,892 [Worker-106: Building workspace] INFO  o.e.m.c.i.embedder.EclipseLogger - Copying 1 resource
2019-10-29 19:54:42,927 [Worker-106: Building workspace] INFO  o.e.m.c.i.embedder.EclipseLogger - Copying 1 resource
2019-10-29 19:54:42,928 [Worker-106: Building workspace] INFO  o.e.m.c.i.embedder.EclipseLogger - Using 'UTF-8' encoding to copy filtered resources.
2019-10-29 19:54:42,928 [Worker-106: Building workspace] INFO  o.e.m.c.i.embedder.EclipseLogger - Copying 0 resource
2019-10-29 19:54:50,506 [Worker-112: Launching Executing generate-sources in C__Users_james_Distributed-Project_grpc-project] INFO  o.e.m.i.launch.MavenLaunchDelegate - C:\Users\james\Distributed-Project\grpc-project
2019-10-29 19:54:50,506 [Worker-112: Launching Executing generate-sources in C__Users_james_Distributed-Project_grpc-project] INFO  o.e.m.i.launch.MavenLaunchDelegate -  mvn -B generate-sources
2019-10-29 19:54:53,349 [Worker-110: Building workspace] INFO  o.e.m.c.i.embedder.EclipseLogger - Skipping compilation because build context has no changes.
2019-10-29 19:54:53,355 [Worker-110: Building workspace] INFO  o.e.m.c.i.embedder.EclipseLogger - Skipping compilation because build context has no changes.
2019-10-29 19:54:53,357 [Worker-110: Building workspace] INFO  o.e.m.c.i.embedder.EclipseLogger - Using 'UTF-8' encoding to copy filtered resources.
2019-10-29 19:54:53,358 [Worker-110: Building workspace] INFO  o.e.m.c.i.embedder.EclipseLogger - Copying 0 resource
2019-10-29 19:54:53,359 [Worker-110: Building workspace] INFO  o.e.m.c.i.embedder.EclipseLogger - Copying 0 resource
2019-10-29 19:54:53,360 [Worker-110: Building workspace] INFO  o.e.m.c.i.embedder.EclipseLogger - Copying 0 resource
2019-10-29 19:54:53,362 [Worker-110: Building workspace] INFO  o.e.m.c.i.embedder.EclipseLogger - Using 'UTF-8' encoding to copy filtered resources.
2019-10-29 19:54:53,362 [Worker-110: Building workspace] INFO  o.e.m.c.i.embedder.EclipseLogger - Copying 0 resource
2019-10-29 19:55:13,937 [Worker-113: Building workspace] INFO  o.e.m.c.i.embedder.EclipseLogger - Using 'UTF-8' encoding to copy filtered resources.
2019-10-29 19:55:13,937 [Worker-113: Building workspace] INFO  o.e.m.c.i.embedder.EclipseLogger - Copying 0 resource
2019-10-29 19:55:13,938 [Worker-113: Building workspace] INFO  o.e.m.c.i.embedder.EclipseLogger - Using 'UTF-8' encoding to copy filtered resources.
2019-10-29 19:55:13,938 [Worker-113: Building workspace] INFO  o.e.m.c.i.embedder.EclipseLogger - Copying 0 resource
2019-10-29 19:55:21,014 [Worker-113: Updating Maven Project] INFO  o.e.m.c.i.p.ProjectConfigurationManager - Update started
2019-10-29 19:55:21,508 [Worker-113: Updating Maven Project] INFO  o.e.m.c.i.l.LifecycleMappingFactory - Using org.eclipse.m2e.jdt.JarLifecycleMapping lifecycle mapping for MavenProject: ie.gmit.ds:grpc-project:0.0.1-SNAPSHOT @ C:\Users\james\Distributed-Project\grpc-project\pom.xml.
2019-10-29 19:55:21,871 [Worker-113: Updating Maven Project] INFO  o.e.m.c.i.embedder.EclipseLogger - Skipping compilation because build context has no changes.
2019-10-29 19:55:21,874 [Worker-113: Updating Maven Project] INFO  o.e.m.c.i.embedder.EclipseLogger - Skipping compilation because build context has no changes.
2019-10-29 19:55:22,022 [Worker-113: Updating Maven Project] INFO  o.e.m.j.i.AbstractJavaProjectConfigurator - Adding source folder /grpc-project/src/main/java
2019-10-29 19:55:22,023 [Worker-113: Updating Maven Project] INFO  o.e.m.j.i.AbstractJavaProjectConfigurator - Adding source folder /grpc-project/target/generated-sources/protobuf/java
2019-10-29 19:55:22,023 [Worker-113: Updating Maven Project] INFO  o.e.m.j.i.AbstractJavaProjectConfigurator - Adding source folder /grpc-project/target/generated-sources/protobuf/grpc-java
2019-10-29 19:55:22,023 [Worker-113: Updating Maven Project] INFO  o.e.m.j.i.AbstractJavaProjectConfigurator - Adding resource folder /grpc-project/src/main/resources
2019-10-29 19:55:22,023 [Worker-113: Updating Maven Project] INFO  o.e.m.j.i.AbstractJavaProjectConfigurator - Adding resource folder /grpc-project/src/main/proto
2019-10-29 19:55:22,024 [Worker-113: Updating Maven Project] INFO  o.e.m.j.i.AbstractJavaProjectConfigurator - Adding resource folder /grpc-project/src/main/proto
2019-10-29 19:55:22,024 [Worker-113: Updating Maven Project] INFO  o.e.m.j.i.AbstractJavaProjectConfigurator - Adding source folder /grpc-project/src/test/java
2019-10-29 19:55:22,024 [Worker-113: Updating Maven Project] INFO  o.e.m.j.i.AbstractJavaProjectConfigurator - Adding resource folder /grpc-project/src/test/resources
2019-10-29 19:55:22,142 [Worker-113: Updating Maven Project] INFO  o.e.m.c.i.p.ProjectConfigurationManager - Update completed: 1 sec
2019-10-29 19:55:22,770 [Worker-98: Building workspace] INFO  o.e.m.c.i.embedder.EclipseLogger - Using 'UTF-8' encoding to copy filtered resources.
2019-10-29 19:55:22,770 [Worker-98: Building workspace] INFO  o.e.m.c.i.embedder.EclipseLogger - Copying 0 resource
2019-10-29 19:55:22,771 [Worker-98: Building workspace] INFO  o.e.m.c.i.embedder.EclipseLogger - Using 'UTF-8' encoding to copy filtered resources.
2019-10-29 19:55:22,772 [Worker-98: Building workspace] INFO  o.e.m.c.i.embedder.EclipseLogger - Copying 0 resource
2019-10-29 19:55:25,755 [Worker-98: Launching Executing generate-sources in C__Users_james_Distributed-Project_grpc-project] INFO  o.e.m.i.launch.MavenLaunchDelegate - C:\Users\james\Distributed-Project\grpc-project
2019-10-29 19:55:25,755 [Worker-98: Launching Executing generate-sources in C__Users_james_Distributed-Project_grpc-project] INFO  o.e.m.i.launch.MavenLaunchDelegate -  mvn -B generate-sources
2019-10-29 19:55:28,963 [Worker-98: Building workspace] INFO  o.e.m.c.i.embedder.EclipseLogger - Skipping compilation because build context has no changes.
2019-10-29 19:55:28,965 [Worker-98: Building workspace] INFO  o.e.m.c.i.embedder.EclipseLogger - Skipping compilation because build context has no changes.
2019-10-29 19:55:28,966 [Worker-98: Building workspace] INFO  o.e.m.c.i.embedder.EclipseLogger - Using 'UTF-8' encoding to copy filtered resources.
2019-10-29 19:55:28,968 [Worker-98: Building workspace] INFO  o.e.m.c.i.embedder.EclipseLogger - Copying 0 resource
2019-10-29 19:55:28,969 [Worker-98: Building workspace] INFO  o.e.m.c.i.embedder.EclipseLogger - Copying 1 resource
2019-10-29 19:55:28,978 [Worker-98: Building workspace] INFO  o.e.m.c.i.embedder.EclipseLogger - Copying 1 resource
2019-10-29 19:55:28,978 [Worker-98: Building workspace] INFO  o.e.m.c.i.embedder.EclipseLogger - Using 'UTF-8' encoding to copy filtered resources.
2019-10-29 19:55:28,979 [Worker-98: Building workspace] INFO  o.e.m.c.i.embedder.EclipseLogger - Copying 0 resource
2019-10-29 19:55:42,449 [Worker-112: Building workspace] INFO  o.e.m.c.i.embedder.EclipseLogger - Skipping compilation because build context has no changes.
2019-10-29 19:55:42,458 [Worker-112: Building workspace] INFO  o.e.m.c.i.embedder.EclipseLogger - Skipping compilation because build context has no changes.
2019-10-29 19:55:42,459 [Worker-112: Building workspace] INFO  o.e.m.c.i.embedder.EclipseLogger - Using 'UTF-8' encoding to copy filtered resources.
2019-10-29 19:55:42,461 [Worker-112: Building workspace] INFO  o.e.m.c.i.embedder.EclipseLogger - Copying 0 resource
2019-10-29 19:55:42,462 [Worker-112: Building workspace] INFO  o.e.m.c.i.embedder.EclipseLogger - Copying 1 resource
2019-10-29 19:55:42,464 [Worker-112: Building workspace] INFO  o.e.m.c.i.embedder.EclipseLogger - Copying 1 resource
2019-10-29 19:55:42,465 [Worker-112: Building workspace] INFO  o.e.m.c.i.embedder.EclipseLogger - Using 'UTF-8' encoding to copy filtered resources.
2019-10-29 19:55:42,465 [Worker-112: Building workspace] INFO  o.e.m.c.i.embedder.EclipseLogger - Copying 0 resource
2019-10-29 20:23:31,761 [Worker-98: Building workspace] INFO  o.e.m.c.i.embedder.EclipseLogger - Skipping compilation because build context has no changes.
2019-10-29 20:23:31,797 [Worker-98: Building workspace] INFO  o.e.m.c.i.embedder.EclipseLogger - Skipping compilation because build context has no changes.
2019-10-29 20:23:31,798 [Worker-98: Building workspace] INFO  o.e.m.c.i.embedder.EclipseLogger - Using 'UTF-8' encoding to copy filtered resources.
2019-10-29 20:23:31,798 [Worker-98: Building workspace] INFO  o.e.m.c.i.embedder.EclipseLogger - Copying 0 resource
2019-10-29 20:23:31,799 [Worker-98: Building workspace] INFO  o.e.m.c.i.embedder.EclipseLogger - Copying 1 resource
2019-10-29 20:23:31,800 [Worker-98: Building workspace] INFO  o.e.m.c.i.embedder.EclipseLogger - Copying 1 resource
2019-10-29 20:23:31,801 [Worker-98: Building workspace] INFO  o.e.m.c.i.embedder.EclipseLogger - Using 'UTF-8' encoding to copy filtered resources.
2019-10-29 20:23:31,801 [Worker-98: Building workspace] INFO  o.e.m.c.i.embedder.EclipseLogger - Copying 0 resource
2019-10-29 20:27:58,431 [Worker-106: Building workspace] INFO  o.e.m.c.i.embedder.EclipseLogger - Skipping compilation because build context has no changes.
2019-10-29 20:27:58,435 [Worker-106: Building workspace] INFO  o.e.m.c.i.embedder.EclipseLogger - Skipping compilation because build context has no changes.
2019-10-29 20:27:58,435 [Worker-106: Building workspace] INFO  o.e.m.c.i.embedder.EclipseLogger - Using 'UTF-8' encoding to copy filtered resources.
2019-10-29 20:27:58,436 [Worker-106: Building workspace] INFO  o.e.m.c.i.embedder.EclipseLogger - Copying 0 resource
2019-10-29 20:27:58,437 [Worker-106: Building workspace] INFO  o.e.m.c.i.embedder.EclipseLogger - Copying 1 resource
2019-10-29 20:27:58,438 [Worker-106: Building workspace] INFO  o.e.m.c.i.embedder.EclipseLogger - Copying 1 resource
2019-10-29 20:27:58,439 [Worker-106: Building workspace] INFO  o.e.m.c.i.embedder.EclipseLogger - Using 'UTF-8' encoding to copy filtered resources.
2019-10-29 20:27:58,439 [Worker-106: Building workspace] INFO  o.e.m.c.i.embedder.EclipseLogger - Copying 0 resource
2019-10-29 20:42:36,158 [Worker-119: Building workspace] INFO  o.e.m.c.i.embedder.EclipseLogger - Skipping compilation because build context has no changes.
2019-10-29 20:42:36,160 [Worker-119: Building workspace] INFO  o.e.m.c.i.embedder.EclipseLogger - Skipping compilation because build context has no changes.
2019-10-29 20:42:36,161 [Worker-119: Building workspace] INFO  o.e.m.c.i.embedder.EclipseLogger - Using 'UTF-8' encoding to copy filtered resources.
2019-10-29 20:42:36,161 [Worker-119: Building workspace] INFO  o.e.m.c.i.embedder.EclipseLogger - Copying 0 resource
2019-10-29 20:42:36,162 [Worker-119: Building workspace] INFO  o.e.m.c.i.embedder.EclipseLogger - Copying 1 resource
2019-10-29 20:42:36,162 [Worker-119: Building workspace] INFO  o.e.m.c.i.embedder.EclipseLogger - Copying 1 resource
2019-10-29 20:42:36,163 [Worker-119: Building workspace] INFO  o.e.m.c.i.embedder.EclipseLogger - Using 'UTF-8' encoding to copy filtered resources.
2019-10-29 20:42:36,163 [Worker-119: Building workspace] INFO  o.e.m.c.i.embedder.EclipseLogger - Copying 0 resource
2019-10-30 10:50:38,219 [Worker-0: Loading available Gradle versions] INFO  o.e.b.c.i.u.g.PublishedGradleVersions - Gradle version information cache is out-of-date. Trying to update.
2019-10-30 10:50:38,509 [Worker-0: Loading available Gradle versions] INFO  o.e.b.c.i.u.g.PublishedGradleVersions - Updating Gradle version information cache failed. Using outdated cache.
2019-10-30 10:57:45,607 [Worker-15: Building workspace] INFO  o.e.m.c.i.embedder.EclipseLogger - Using 'UTF-8' encoding to copy filtered resources.
2019-10-30 10:57:45,611 [Worker-15: Building workspace] INFO  o.e.m.c.i.embedder.EclipseLogger - Copying 0 resource
2019-10-30 10:57:45,613 [Worker-15: Building workspace] INFO  o.e.m.c.i.embedder.EclipseLogger - Using 'UTF-8' encoding to copy filtered resources.
2019-10-30 10:57:45,614 [Worker-15: Building workspace] INFO  o.e.m.c.i.embedder.EclipseLogger - Copying 0 resource
2019-10-30 11:00:19,284 [Worker-15: Building workspace] INFO  o.e.m.c.i.embedder.EclipseLogger - Skipping compilation because build context has no changes.
2019-10-30 11:00:19,287 [Worker-15: Building workspace] INFO  o.e.m.c.i.embedder.EclipseLogger - Skipping compilation because build context has no changes.
2019-10-30 11:00:19,288 [Worker-15: Building workspace] INFO  o.e.m.c.i.embedder.EclipseLogger - Using 'UTF-8' encoding to copy filtered resources.
2019-10-30 11:00:19,289 [Worker-15: Building workspace] INFO  o.e.m.c.i.embedder.EclipseLogger - Copying 0 resource
2019-10-30 11:00:19,291 [Worker-15: Building workspace] INFO  o.e.m.c.i.embedder.EclipseLogger - Copying 1 resource
2019-10-30 11:00:19,295 [Worker-15: Building workspace] INFO  o.e.m.c.i.embedder.EclipseLogger - Copying 1 resource
2019-10-30 11:00:19,296 [Worker-15: Building workspace] INFO  o.e.m.c.i.embedder.EclipseLogger - Using 'UTF-8' encoding to copy filtered resources.
2019-10-30 11:00:19,296 [Worker-15: Building workspace] INFO  o.e.m.c.i.embedder.EclipseLogger - Copying 0 resource
2019-10-30 11:00:32,473 [Worker-15: Building workspace] INFO  o.e.m.c.i.embedder.EclipseLogger - Skipping compilation because build context has no changes.
2019-10-30 11:00:32,475 [Worker-15: Building workspace] INFO  o.e.m.c.i.embedder.EclipseLogger - Skipping compilation because build context has no changes.
2019-10-30 11:00:32,476 [Worker-15: Building workspace] INFO  o.e.m.c.i.embedder.EclipseLogger - Using 'UTF-8' encoding to copy filtered resources.
2019-10-30 11:00:32,477 [Worker-15: Building workspace] INFO  o.e.m.c.i.embedder.EclipseLogger - Copying 0 resource
2019-10-30 11:00:32,478 [Worker-15: Building workspace] INFO  o.e.m.c.i.embedder.EclipseLogger - Copying 1 resource
2019-10-30 11:00:32,479 [Worker-15: Building workspace] INFO  o.e.m.c.i.embedder.EclipseLogger - Copying 1 resource
2019-10-30 11:00:32,480 [Worker-15: Building workspace] INFO  o.e.m.c.i.embedder.EclipseLogger - Using 'UTF-8' encoding to copy filtered resources.
2019-10-30 11:00:32,481 [Worker-15: Building workspace] INFO  o.e.m.c.i.embedder.EclipseLogger - Copying 0 resource
2019-10-30 11:00:52,414 [Worker-15: Launching Executing generate-sources in C__Users_james_Distributed-Project_grpc-project] INFO  o.e.m.i.launch.MavenLaunchDelegate - C:\Users\james\Distributed-Project\grpc-project
2019-10-30 11:00:52,414 [Worker-15: Launching Executing generate-sources in C__Users_james_Distributed-Project_grpc-project] INFO  o.e.m.i.launch.MavenLaunchDelegate -  mvn -B generate-sources
2019-10-30 11:00:56,210 [Worker-14: Building workspace] INFO  o.e.m.c.i.embedder.EclipseLogger - Skipping compilation because build context has no changes.
2019-10-30 11:00:56,215 [Worker-14: Building workspace] INFO  o.e.m.c.i.embedder.EclipseLogger - Skipping compilation because build context has no changes.
2019-10-30 11:00:56,217 [Worker-14: Building workspace] INFO  o.e.m.c.i.embedder.EclipseLogger - Using 'UTF-8' encoding to copy filtered resources.
2019-10-30 11:00:56,218 [Worker-14: Building workspace] INFO  o.e.m.c.i.embedder.EclipseLogger - Copying 0 resource
2019-10-30 11:00:56,219 [Worker-14: Building workspace] INFO  o.e.m.c.i.embedder.EclipseLogger - Copying 1 resource
2019-10-30 11:00:56,220 [Worker-14: Building workspace] INFO  o.e.m.c.i.embedder.EclipseLogger - Copying 1 resource
2019-10-30 11:00:56,222 [Worker-14: Building workspace] INFO  o.e.m.c.i.embedder.EclipseLogger - Using 'UTF-8' encoding to copy filtered resources.
2019-10-30 11:00:56,222 [Worker-14: Building workspace] INFO  o.e.m.c.i.embedder.EclipseLogger - Copying 0 resource
2019-10-30 11:06:45,145 [Worker-16: Building workspace] INFO  o.e.m.c.i.embedder.EclipseLogger - Skipping compilation because build context has no changes.
2019-10-30 11:06:45,149 [Worker-16: Building workspace] INFO  o.e.m.c.i.embedder.EclipseLogger - Skipping compilation because build context has no changes.
2019-10-30 11:06:45,151 [Worker-16: Building workspace] INFO  o.e.m.c.i.embedder.EclipseLogger - Using 'UTF-8' encoding to copy filtered resources.
2019-10-30 11:06:45,152 [Worker-16: Building workspace] INFO  o.e.m.c.i.embedder.EclipseLogger - Copying 0 resource
2019-10-30 11:06:45,153 [Worker-16: Building workspace] INFO  o.e.m.c.i.embedder.EclipseLogger - Copying 1 resource
2019-10-30 11:06:45,154 [Worker-16: Building workspace] INFO  o.e.m.c.i.embedder.EclipseLogger - Copying 1 resource
2019-10-30 11:06:45,156 [Worker-16: Building workspace] INFO  o.e.m.c.i.embedder.EclipseLogger - Using 'UTF-8' encoding to copy filtered resources.
2019-10-30 11:06:45,157 [Worker-16: Building workspace] INFO  o.e.m.c.i.embedder.EclipseLogger - Copying 0 resource
2019-10-30 11:10:23,819 [Worker-16: Building workspace] INFO  o.e.m.c.i.embedder.EclipseLogger - Using 'UTF-8' encoding to copy filtered resources.
2019-10-30 11:10:23,819 [Worker-16: Building workspace] INFO  o.e.m.c.i.embedder.EclipseLogger - Copying 0 resource
2019-10-30 11:10:23,820 [Worker-16: Building workspace] INFO  o.e.m.c.i.embedder.EclipseLogger - Using 'UTF-8' encoding to copy filtered resources.
2019-10-30 11:10:23,821 [Worker-16: Building workspace] INFO  o.e.m.c.i.embedder.EclipseLogger - Copying 0 resource
2019-10-30 11:10:38,204 [Worker-21: Launching Executing generate-sources in C__Users_james_Distributed-Project_grpc-project] INFO  o.e.m.i.launch.MavenLaunchDelegate - C:\Users\james\Distributed-Project\grpc-project
2019-10-30 11:10:38,206 [Worker-21: Launching Executing generate-sources in C__Users_james_Distributed-Project_grpc-project] INFO  o.e.m.i.launch.MavenLaunchDelegate -  mvn -B generate-sources
2019-10-30 11:10:41,457 [Worker-20: Building workspace] INFO  o.e.m.c.i.embedder.EclipseLogger - Skipping compilation because build context has no changes.
2019-10-30 11:10:41,462 [Worker-20: Building workspace] INFO  o.e.m.c.i.embedder.EclipseLogger - Skipping compilation because build context has no changes.
2019-10-30 11:10:41,463 [Worker-20: Building workspace] INFO  o.e.m.c.i.embedder.EclipseLogger - Using 'UTF-8' encoding to copy filtered resources.
2019-10-30 11:10:41,464 [Worker-20: Building workspace] INFO  o.e.m.c.i.embedder.EclipseLogger - Copying 0 resource
2019-10-30 11:10:41,465 [Worker-20: Building workspace] INFO  o.e.m.c.i.embedder.EclipseLogger - Copying 1 resource
2019-10-30 11:10:41,472 [Worker-20: Building workspace] INFO  o.e.m.c.i.embedder.EclipseLogger - Copying 1 resource
2019-10-30 11:10:41,473 [Worker-20: Building workspace] INFO  o.e.m.c.i.embedder.EclipseLogger - Using 'UTF-8' encoding to copy filtered resources.
2019-10-30 11:10:41,473 [Worker-20: Building workspace] INFO  o.e.m.c.i.embedder.EclipseLogger - Copying 0 resource
2019-10-30 11:11:05,289 [Worker-19: Building workspace] INFO  o.e.m.c.i.embedder.EclipseLogger - Skipping compilation because build context has no changes.
2019-10-30 11:11:05,296 [Worker-19: Building workspace] INFO  o.e.m.c.i.embedder.EclipseLogger - Skipping compilation because build context has no changes.
2019-10-30 11:11:05,298 [Worker-19: Building workspace] INFO  o.e.m.c.i.embedder.EclipseLogger - Using 'UTF-8' encoding to copy filtered resources.
2019-10-30 11:11:05,299 [Worker-19: Building workspace] INFO  o.e.m.c.i.embedder.EclipseLogger - Copying 0 resource
2019-10-30 11:11:05,301 [Worker-19: Building workspace] INFO  o.e.m.c.i.embedder.EclipseLogger - Copying 1 resource
2019-10-30 11:11:05,303 [Worker-19: Building workspace] INFO  o.e.m.c.i.embedder.EclipseLogger - Copying 1 resource
2019-10-30 11:11:05,305 [Worker-19: Building workspace] INFO  o.e.m.c.i.embedder.EclipseLogger - Using 'UTF-8' encoding to copy filtered resources.
2019-10-30 11:11:05,306 [Worker-19: Building workspace] INFO  o.e.m.c.i.embedder.EclipseLogger - Copying 0 resource
2019-10-30 11:38:01,082 [Worker-27: Building workspace] INFO  o.e.m.c.i.embedder.EclipseLogger - Skipping compilation because build context has no changes.
2019-10-30 11:38:01,088 [Worker-27: Building workspace] INFO  o.e.m.c.i.embedder.EclipseLogger - Skipping compilation because build context has no changes.
2019-10-30 11:38:01,089 [Worker-27: Building workspace] INFO  o.e.m.c.i.embedder.EclipseLogger - Using 'UTF-8' encoding to copy filtered resources.
2019-10-30 11:38:01,090 [Worker-27: Building workspace] INFO  o.e.m.c.i.embedder.EclipseLogger - Copying 0 resource
2019-10-30 11:38:01,091 [Worker-27: Building workspace] INFO  o.e.m.c.i.embedder.EclipseLogger - Copying 1 resource
2019-10-30 11:38:01,091 [Worker-27: Building workspace] INFO  o.e.m.c.i.embedder.EclipseLogger - Copying 1 resource
2019-10-30 11:38:01,093 [Worker-27: Building workspace] INFO  o.e.m.c.i.embedder.EclipseLogger - Using 'UTF-8' encoding to copy filtered resources.
2019-10-30 11:38:01,093 [Worker-27: Building workspace] INFO  o.e.m.c.i.embedder.EclipseLogger - Copying 0 resource
2019-10-30 11:43:35,190 [Worker-29: Building workspace] INFO  o.e.m.c.i.embedder.EclipseLogger - Skipping compilation because build context has no changes.
2019-10-30 11:43:35,193 [Worker-29: Building workspace] INFO  o.e.m.c.i.embedder.EclipseLogger - Skipping compilation because build context has no changes.
2019-10-30 11:43:35,193 [Worker-29: Building workspace] INFO  o.e.m.c.i.embedder.EclipseLogger - Using 'UTF-8' encoding to copy filtered resources.
2019-10-30 11:43:35,194 [Worker-29: Building workspace] INFO  o.e.m.c.i.embedder.EclipseLogger - Copying 0 resource
2019-10-30 11:43:35,194 [Worker-29: Building workspace] INFO  o.e.m.c.i.embedder.EclipseLogger - Copying 1 resource
2019-10-30 11:43:35,195 [Worker-29: Building workspace] INFO  o.e.m.c.i.embedder.EclipseLogger - Copying 1 resource
2019-10-30 11:43:35,196 [Worker-29: Building workspace] INFO  o.e.m.c.i.embedder.EclipseLogger - Using 'UTF-8' encoding to copy filtered resources.
2019-10-30 11:43:35,196 [Worker-29: Building workspace] INFO  o.e.m.c.i.embedder.EclipseLogger - Copying 0 resource
2019-10-30 11:46:36,500 [Worker-27: Building workspace] INFO  o.e.m.c.i.embedder.EclipseLogger - Skipping compilation because build context has no changes.
2019-10-30 11:46:36,503 [Worker-27: Building workspace] INFO  o.e.m.c.i.embedder.EclipseLogger - Skipping compilation because build context has no changes.
2019-10-30 11:46:36,504 [Worker-27: Building workspace] INFO  o.e.m.c.i.embedder.EclipseLogger - Using 'UTF-8' encoding to copy filtered resources.
2019-10-30 11:46:36,505 [Worker-27: Building workspace] INFO  o.e.m.c.i.embedder.EclipseLogger - Copying 0 resource
2019-10-30 11:46:36,505 [Worker-27: Building workspace] INFO  o.e.m.c.i.embedder.EclipseLogger - Copying 1 resource
2019-10-30 11:46:36,506 [Worker-27: Building workspace] INFO  o.e.m.c.i.embedder.EclipseLogger - Copying 1 resource
2019-10-30 11:46:36,506 [Worker-27: Building workspace] INFO  o.e.m.c.i.embedder.EclipseLogger - Using 'UTF-8' encoding to copy filtered resources.
2019-10-30 11:46:36,507 [Worker-27: Building workspace] INFO  o.e.m.c.i.embedder.EclipseLogger - Copying 0 resource
2019-10-30 11:47:49,049 [Worker-26: Building workspace] INFO  o.e.m.c.i.embedder.EclipseLogger - Skipping compilation because build context has no changes.
2019-10-30 11:47:49,052 [Worker-26: Building workspace] INFO  o.e.m.c.i.embedder.EclipseLogger - Skipping compilation because build context has no changes.
2019-10-30 11:47:49,053 [Worker-26: Building workspace] INFO  o.e.m.c.i.embedder.EclipseLogger - Using 'UTF-8' encoding to copy filtered resources.
2019-10-30 11:47:49,054 [Worker-26: Building workspace] INFO  o.e.m.c.i.embedder.EclipseLogger - Copying 0 resource
2019-10-30 11:47:49,055 [Worker-26: Building workspace] INFO  o.e.m.c.i.embedder.EclipseLogger - Copying 1 resource
2019-10-30 11:47:49,056 [Worker-26: Building workspace] INFO  o.e.m.c.i.embedder.EclipseLogger - Copying 1 resource
2019-10-30 11:47:49,059 [Worker-26: Building workspace] INFO  o.e.m.c.i.embedder.EclipseLogger - Using 'UTF-8' encoding to copy filtered resources.
2019-10-30 11:47:49,059 [Worker-26: Building workspace] INFO  o.e.m.c.i.embedder.EclipseLogger - Copying 0 resource
2019-10-30 11:48:36,271 [Worker-27: Building workspace] INFO  o.e.m.c.i.embedder.EclipseLogger - Skipping compilation because build context has no changes.
2019-10-30 11:48:36,274 [Worker-27: Building workspace] INFO  o.e.m.c.i.embedder.EclipseLogger - Skipping compilation because build context has no changes.
2019-10-30 11:48:36,274 [Worker-27: Building workspace] INFO  o.e.m.c.i.embedder.EclipseLogger - Using 'UTF-8' encoding to copy filtered resources.
2019-10-30 11:48:36,275 [Worker-27: Building workspace] INFO  o.e.m.c.i.embedder.EclipseLogger - Copying 0 resource
2019-10-30 11:48:36,276 [Worker-27: Building workspace] INFO  o.e.m.c.i.embedder.EclipseLogger - Copying 1 resource
2019-10-30 11:48:36,276 [Worker-27: Building workspace] INFO  o.e.m.c.i.embedder.EclipseLogger - Copying 1 resource
2019-10-30 11:48:36,277 [Worker-27: Building workspace] INFO  o.e.m.c.i.embedder.EclipseLogger - Using 'UTF-8' encoding to copy filtered resources.
2019-10-30 11:48:36,277 [Worker-27: Building workspace] INFO  o.e.m.c.i.embedder.EclipseLogger - Copying 0 resource
2019-10-30 11:49:00,489 [Worker-30: Building workspace] INFO  o.e.m.c.i.embedder.EclipseLogger - Skipping compilation because build context has no changes.
2019-10-30 11:49:00,493 [Worker-30: Building workspace] INFO  o.e.m.c.i.embedder.EclipseLogger - Skipping compilation because build context has no changes.
2019-10-30 11:49:00,494 [Worker-30: Building workspace] INFO  o.e.m.c.i.embedder.EclipseLogger - Using 'UTF-8' encoding to copy filtered resources.
2019-10-30 11:49:00,494 [Worker-30: Building workspace] INFO  o.e.m.c.i.embedder.EclipseLogger - Copying 0 resource
2019-10-30 11:49:00,495 [Worker-30: Building workspace] INFO  o.e.m.c.i.embedder.EclipseLogger - Copying 1 resource
2019-10-30 11:49:00,495 [Worker-30: Building workspace] INFO  o.e.m.c.i.embedder.EclipseLogger - Copying 1 resource
2019-10-30 11:49:00,496 [Worker-30: Building workspace] INFO  o.e.m.c.i.embedder.EclipseLogger - Using 'UTF-8' encoding to copy filtered resources.
2019-10-30 11:49:00,497 [Worker-30: Building workspace] INFO  o.e.m.c.i.embedder.EclipseLogger - Copying 0 resource
2019-10-30 11:51:54,871 [Worker-27: Building workspace] INFO  o.e.m.c.i.embedder.EclipseLogger - Skipping compilation because build context has no changes.
2019-10-30 11:51:54,874 [Worker-27: Building workspace] INFO  o.e.m.c.i.embedder.EclipseLogger - Skipping compilation because build context has no changes.
2019-10-30 11:51:54,874 [Worker-27: Building workspace] INFO  o.e.m.c.i.embedder.EclipseLogger - Using 'UTF-8' encoding to copy filtered resources.
2019-10-30 11:51:54,875 [Worker-27: Building workspace] INFO  o.e.m.c.i.embedder.EclipseLogger - Copying 0 resource
2019-10-30 11:51:54,875 [Worker-27: Building workspace] INFO  o.e.m.c.i.embedder.EclipseLogger - Copying 1 resource
2019-10-30 11:51:54,876 [Worker-27: Building workspace] INFO  o.e.m.c.i.embedder.EclipseLogger - Copying 1 resource
2019-10-30 11:51:54,877 [Worker-27: Building workspace] INFO  o.e.m.c.i.embedder.EclipseLogger - Using 'UTF-8' encoding to copy filtered resources.
2019-10-30 11:51:54,877 [Worker-27: Building workspace] INFO  o.e.m.c.i.embedder.EclipseLogger - Copying 0 resource
2019-10-30 11:52:36,397 [Worker-28: Building workspace] INFO  o.e.m.c.i.embedder.EclipseLogger - Skipping compilation because build context has no changes.
2019-10-30 11:52:36,401 [Worker-28: Building workspace] INFO  o.e.m.c.i.embedder.EclipseLogger - Skipping compilation because build context has no changes.
2019-10-30 11:52:36,403 [Worker-28: Building workspace] INFO  o.e.m.c.i.embedder.EclipseLogger - Using 'UTF-8' encoding to copy filtered resources.
2019-10-30 11:52:36,403 [Worker-28: Building workspace] INFO  o.e.m.c.i.embedder.EclipseLogger - Copying 0 resource
2019-10-30 11:52:36,404 [Worker-28: Building workspace] INFO  o.e.m.c.i.embedder.EclipseLogger - Copying 1 resource
2019-10-30 11:52:36,405 [Worker-28: Building workspace] INFO  o.e.m.c.i.embedder.EclipseLogger - Copying 1 resource
2019-10-30 11:52:36,406 [Worker-28: Building workspace] INFO  o.e.m.c.i.embedder.EclipseLogger - Using 'UTF-8' encoding to copy filtered resources.
2019-10-30 11:52:36,407 [Worker-28: Building workspace] INFO  o.e.m.c.i.embedder.EclipseLogger - Copying 0 resource
2019-10-30 12:16:47,969 [Worker-38: Building workspace] INFO  o.e.m.c.i.embedder.EclipseLogger - Skipping compilation because build context has no changes.
2019-10-30 12:16:47,972 [Worker-38: Building workspace] INFO  o.e.m.c.i.embedder.EclipseLogger - Skipping compilation because build context has no changes.
2019-10-30 12:16:47,973 [Worker-38: Building workspace] INFO  o.e.m.c.i.embedder.EclipseLogger - Using 'UTF-8' encoding to copy filtered resources.
2019-10-30 12:16:47,973 [Worker-38: Building workspace] INFO  o.e.m.c.i.embedder.EclipseLogger - Copying 0 resource
2019-10-30 12:16:47,974 [Worker-38: Building workspace] INFO  o.e.m.c.i.embedder.EclipseLogger - Copying 1 resource
2019-10-30 12:16:47,975 [Worker-38: Building workspace] INFO  o.e.m.c.i.embedder.EclipseLogger - Copying 1 resource
2019-10-30 12:16:47,975 [Worker-38: Building workspace] INFO  o.e.m.c.i.embedder.EclipseLogger - Using 'UTF-8' encoding to copy filtered resources.
2019-10-30 12:16:47,976 [Worker-38: Building workspace] INFO  o.e.m.c.i.embedder.EclipseLogger - Copying 0 resource
2019-10-30 12:16:55,065 [Worker-35: Updating Maven Project] INFO  o.e.m.c.i.p.ProjectConfigurationManager - Update started
2019-10-30 12:16:55,853 [Worker-35: Updating Maven Project] INFO  o.e.m.c.i.l.LifecycleMappingFactory - Using org.eclipse.m2e.jdt.JarLifecycleMapping lifecycle mapping for MavenProject: ie.gmit.ds:grpc-project:0.0.1-SNAPSHOT @ C:\Users\james\Distributed-Project\grpc-project\pom.xml.
2019-10-30 12:16:56,294 [Worker-35: Updating Maven Project] INFO  o.e.m.c.i.embedder.EclipseLogger - Skipping compilation because build context has no changes.
2019-10-30 12:16:56,297 [Worker-35: Updating Maven Project] INFO  o.e.m.c.i.embedder.EclipseLogger - Skipping compilation because build context has no changes.
2019-10-30 12:16:56,401 [Worker-35: Updating Maven Project] INFO  o.e.m.j.i.AbstractJavaProjectConfigurator - Adding source folder /grpc-project/src/main/java
2019-10-30 12:16:56,402 [Worker-35: Updating Maven Project] INFO  o.e.m.j.i.AbstractJavaProjectConfigurator - Adding source folder /grpc-project/target/generated-sources/protobuf/java
2019-10-30 12:16:56,402 [Worker-35: Updating Maven Project] INFO  o.e.m.j.i.AbstractJavaProjectConfigurator - Adding source folder /grpc-project/target/generated-sources/protobuf/grpc-java
2019-10-30 12:16:56,402 [Worker-35: Updating Maven Project] INFO  o.e.m.j.i.AbstractJavaProjectConfigurator - Adding resource folder /grpc-project/src/main/resources
2019-10-30 12:16:56,403 [Worker-35: Updating Maven Project] INFO  o.e.m.j.i.AbstractJavaProjectConfigurator - Adding resource folder /grpc-project/src/main/proto
2019-10-30 12:16:56,403 [Worker-35: Updating Maven Project] INFO  o.e.m.j.i.AbstractJavaProjectConfigurator - Adding resource folder /grpc-project/src/main/proto
2019-10-30 12:16:56,403 [Worker-35: Updating Maven Project] INFO  o.e.m.j.i.AbstractJavaProjectConfigurator - Adding source folder /grpc-project/src/test/java
2019-10-30 12:16:56,404 [Worker-35: Updating Maven Project] INFO  o.e.m.j.i.AbstractJavaProjectConfigurator - Adding resource folder /grpc-project/src/test/resources
2019-10-30 12:16:56,567 [Worker-35: Updating Maven Project] INFO  o.e.m.c.i.p.ProjectConfigurationManager - Update completed: 1 sec
2019-10-30 12:16:57,255 [Worker-35: Building workspace] INFO  o.e.m.c.i.embedder.EclipseLogger - Using 'UTF-8' encoding to copy filtered resources.
2019-10-30 12:16:57,256 [Worker-35: Building workspace] INFO  o.e.m.c.i.embedder.EclipseLogger - Copying 0 resource
2019-10-30 12:16:57,258 [Worker-35: Building workspace] INFO  o.e.m.c.i.embedder.EclipseLogger - Using 'UTF-8' encoding to copy filtered resources.
2019-10-30 12:16:57,258 [Worker-35: Building workspace] INFO  o.e.m.c.i.embedder.EclipseLogger - Copying 0 resource
2019-10-30 12:16:58,290 [Worker-40: Building workspace] INFO  o.e.m.c.i.embedder.EclipseLogger - Skipping compilation because build context has no changes.
2019-10-30 12:16:58,292 [Worker-40: Building workspace] INFO  o.e.m.c.i.embedder.EclipseLogger - Skipping compilation because build context has no changes.
2019-10-30 12:16:58,294 [Worker-40: Building workspace] INFO  o.e.m.c.i.embedder.EclipseLogger - Using 'UTF-8' encoding to copy filtered resources.
2019-10-30 12:16:58,297 [Worker-40: Building workspace] INFO  o.e.m.c.i.embedder.EclipseLogger - Copying 0 resource
2019-10-30 12:16:58,299 [Worker-40: Building workspace] INFO  o.e.m.c.i.embedder.EclipseLogger - Copying 1 resource
2019-10-30 12:16:58,308 [Worker-40: Building workspace] INFO  o.e.m.c.i.embedder.EclipseLogger - Copying 1 resource
2019-10-30 12:16:58,309 [Worker-40: Building workspace] INFO  o.e.m.c.i.embedder.EclipseLogger - Using 'UTF-8' encoding to copy filtered resources.
2019-10-30 12:16:58,309 [Worker-40: Building workspace] INFO  o.e.m.c.i.embedder.EclipseLogger - Copying 0 resource
2019-10-30 12:16:59,366 [Worker-38: Building workspace] INFO  o.e.m.c.i.embedder.EclipseLogger - Skipping compilation because build context has no changes.
2019-10-30 12:16:59,368 [Worker-38: Building workspace] INFO  o.e.m.c.i.embedder.EclipseLogger - Skipping compilation because build context has no changes.
2019-10-30 12:16:59,368 [Worker-38: Building workspace] INFO  o.e.m.c.i.embedder.EclipseLogger - Using 'UTF-8' encoding to copy filtered resources.
2019-10-30 12:16:59,369 [Worker-38: Building workspace] INFO  o.e.m.c.i.embedder.EclipseLogger - Copying 0 resource
2019-10-30 12:16:59,369 [Worker-38: Building workspace] INFO  o.e.m.c.i.embedder.EclipseLogger - Copying 1 resource
2019-10-30 12:16:59,372 [Worker-38: Building workspace] INFO  o.e.m.c.i.embedder.EclipseLogger - Copying 1 resource
2019-10-30 12:16:59,373 [Worker-38: Building workspace] INFO  o.e.m.c.i.embedder.EclipseLogger - Using 'UTF-8' encoding to copy filtered resources.
2019-10-30 12:16:59,374 [Worker-38: Building workspace] INFO  o.e.m.c.i.embedder.EclipseLogger - Copying 0 resource
2019-10-30 12:17:05,209 [Worker-40: Launching Executing generate-sources in C__Users_james_Distributed-Project_grpc-project] INFO  o.e.m.i.launch.MavenLaunchDelegate - C:\Users\james\Distributed-Project\grpc-project
2019-10-30 12:17:05,209 [Worker-40: Launching Executing generate-sources in C__Users_james_Distributed-Project_grpc-project] INFO  o.e.m.i.launch.MavenLaunchDelegate -  mvn -B generate-sources
2019-10-30 12:17:07,957 [Worker-42: Building workspace] INFO  o.e.m.c.i.embedder.EclipseLogger - Skipping compilation because build context has no changes.
2019-10-30 12:17:07,960 [Worker-42: Building workspace] INFO  o.e.m.c.i.embedder.EclipseLogger - Skipping compilation because build context has no changes.
2019-10-30 12:17:07,961 [Worker-42: Building workspace] INFO  o.e.m.c.i.embedder.EclipseLogger - Using 'UTF-8' encoding to copy filtered resources.
2019-10-30 12:17:07,961 [Worker-42: Building workspace] INFO  o.e.m.c.i.embedder.EclipseLogger - Copying 0 resource
2019-10-30 12:17:07,962 [Worker-42: Building workspace] INFO  o.e.m.c.i.embedder.EclipseLogger - Copying 1 resource
2019-10-30 12:17:07,962 [Worker-42: Building workspace] INFO  o.e.m.c.i.embedder.EclipseLogger - Copying 1 resource
2019-10-30 12:17:07,963 [Worker-42: Building workspace] INFO  o.e.m.c.i.embedder.EclipseLogger - Using 'UTF-8' encoding to copy filtered resources.
2019-10-30 12:17:07,963 [Worker-42: Building workspace] INFO  o.e.m.c.i.embedder.EclipseLogger - Copying 0 resource
2019-10-30 12:18:46,900 [Worker-38: Building workspace] INFO  o.e.m.c.i.embedder.EclipseLogger - Skipping compilation because build context has no changes.
2019-10-30 12:18:46,902 [Worker-38: Building workspace] INFO  o.e.m.c.i.embedder.EclipseLogger - Skipping compilation because build context has no changes.
2019-10-30 12:18:46,903 [Worker-38: Building workspace] INFO  o.e.m.c.i.embedder.EclipseLogger - Using 'UTF-8' encoding to copy filtered resources.
2019-10-30 12:18:46,904 [Worker-38: Building workspace] INFO  o.e.m.c.i.embedder.EclipseLogger - Copying 0 resource
2019-10-30 12:18:46,904 [Worker-38: Building workspace] INFO  o.e.m.c.i.embedder.EclipseLogger - Copying 1 resource
2019-10-30 12:18:46,905 [Worker-38: Building workspace] INFO  o.e.m.c.i.embedder.EclipseLogger - Copying 1 resource
2019-10-30 12:18:46,905 [Worker-38: Building workspace] INFO  o.e.m.c.i.embedder.EclipseLogger - Using 'UTF-8' encoding to copy filtered resources.
2019-10-30 12:18:46,906 [Worker-38: Building workspace] INFO  o.e.m.c.i.embedder.EclipseLogger - Copying 0 resource
2019-10-30 12:54:30,294 [Worker-6: Loading available Gradle versions] INFO  o.e.b.c.i.u.g.PublishedGradleVersions - Gradle version information cache is out-of-date. Trying to update.
2019-10-30 13:08:45,419 [Worker-12: Building workspace] INFO  o.e.m.c.i.embedder.EclipseLogger - Using 'UTF-8' encoding to copy filtered resources.
2019-10-30 13:08:45,422 [Worker-12: Building workspace] INFO  o.e.m.c.i.embedder.EclipseLogger - Copying 0 resource
2019-10-30 13:08:45,425 [Worker-12: Building workspace] INFO  o.e.m.c.i.embedder.EclipseLogger - Using 'UTF-8' encoding to copy filtered resources.
2019-10-30 13:08:45,425 [Worker-12: Building workspace] INFO  o.e.m.c.i.embedder.EclipseLogger - Copying 0 resource
2019-10-30 13:09:03,672 [Worker-12: Building workspace] INFO  o.e.m.c.i.embedder.EclipseLogger - Skipping compilation because build context has no changes.
2019-10-30 13:09:03,675 [Worker-12: Building workspace] INFO  o.e.m.c.i.embedder.EclipseLogger - Skipping compilation because build context has no changes.
2019-10-30 13:09:03,676 [Worker-12: Building workspace] INFO  o.e.m.c.i.embedder.EclipseLogger - Using 'UTF-8' encoding to copy filtered resources.
2019-10-30 13:09:03,678 [Worker-12: Building workspace] INFO  o.e.m.c.i.embedder.EclipseLogger - Copying 0 resource
2019-10-30 13:09:03,679 [Worker-12: Building workspace] INFO  o.e.m.c.i.embedder.EclipseLogger - Copying 1 resource
2019-10-30 13:09:03,683 [Worker-12: Building workspace] INFO  o.e.m.c.i.embedder.EclipseLogger - Copying 1 resource
2019-10-30 13:09:03,684 [Worker-12: Building workspace] INFO  o.e.m.c.i.embedder.EclipseLogger - Using 'UTF-8' encoding to copy filtered resources.
2019-10-30 13:09:03,684 [Worker-12: Building workspace] INFO  o.e.m.c.i.embedder.EclipseLogger - Copying 0 resource
2019-10-30 13:09:27,809 [Worker-15: Updating Maven Project] INFO  o.e.m.c.i.p.ProjectConfigurationManager - Update started
2019-10-30 13:09:28,437 [Worker-15: Updating Maven Project] INFO  o.e.m.c.i.l.LifecycleMappingFactory - Using org.eclipse.m2e.jdt.JarLifecycleMapping lifecycle mapping for MavenProject: ie.gmit.ds:grpc-project:0.0.1-SNAPSHOT @ C:\Users\james\Distributed-Project\grpc-project\pom.xml.
2019-10-30 13:09:28,848 [Worker-15: Updating Maven Project] INFO  o.e.m.c.i.embedder.EclipseLogger - Skipping compilation because build context has no changes.
2019-10-30 13:09:28,851 [Worker-15: Updating Maven Project] INFO  o.e.m.c.i.embedder.EclipseLogger - Skipping compilation because build context has no changes.
2019-10-30 13:09:28,942 [Worker-15: Updating Maven Project] INFO  o.e.m.j.i.AbstractJavaProjectConfigurator - Adding source folder /grpc-project/src/main/java
2019-10-30 13:09:28,942 [Worker-15: Updating Maven Project] INFO  o.e.m.j.i.AbstractJavaProjectConfigurator - Adding source folder /grpc-project/target/generated-sources/protobuf/java
2019-10-30 13:09:28,943 [Worker-15: Updating Maven Project] INFO  o.e.m.j.i.AbstractJavaProjectConfigurator - Adding source folder /grpc-project/target/generated-sources/protobuf/grpc-java
2019-10-30 13:09:28,943 [Worker-15: Updating Maven Project] INFO  o.e.m.j.i.AbstractJavaProjectConfigurator - Adding resource folder /grpc-project/src/main/resources
2019-10-30 13:09:28,943 [Worker-15: Updating Maven Project] INFO  o.e.m.j.i.AbstractJavaProjectConfigurator - Adding resource folder /grpc-project/src/main/proto
2019-10-30 13:09:28,943 [Worker-15: Updating Maven Project] INFO  o.e.m.j.i.AbstractJavaProjectConfigurator - Adding resource folder /grpc-project/src/main/proto
2019-10-30 13:09:28,944 [Worker-15: Updating Maven Project] INFO  o.e.m.j.i.AbstractJavaProjectConfigurator - Adding source folder /grpc-project/src/test/java
2019-10-30 13:09:28,944 [Worker-15: Updating Maven Project] INFO  o.e.m.j.i.AbstractJavaProjectConfigurator - Adding resource folder /grpc-project/src/test/resources
2019-10-30 13:09:29,102 [Worker-15: Updating Maven Project] INFO  o.e.m.c.i.p.ProjectConfigurationManager - Update completed: 1 sec
2019-10-30 13:09:29,750 [Worker-17: Building workspace] INFO  o.e.m.c.i.embedder.EclipseLogger - Using 'UTF-8' encoding to copy filtered resources.
2019-10-30 13:09:29,751 [Worker-17: Building workspace] INFO  o.e.m.c.i.embedder.EclipseLogger - Copying 0 resource
2019-10-30 13:09:29,752 [Worker-17: Building workspace] INFO  o.e.m.c.i.embedder.EclipseLogger - Using 'UTF-8' encoding to copy filtered resources.
2019-10-30 13:09:29,753 [Worker-17: Building workspace] INFO  o.e.m.c.i.embedder.EclipseLogger - Copying 0 resource
2019-10-30 13:09:33,236 [Worker-18: Launching Executing generate-sources in C__Users_james_Distributed-Project_grpc-project] INFO  o.e.m.i.launch.MavenLaunchDelegate - C:\Users\james\Distributed-Project\grpc-project
2019-10-30 13:09:33,237 [Worker-18: Launching Executing generate-sources in C__Users_james_Distributed-Project_grpc-project] INFO  o.e.m.i.launch.MavenLaunchDelegate -  mvn -B generate-sources
2019-10-30 13:09:35,972 [Worker-16: Building workspace] INFO  o.e.m.c.i.embedder.EclipseLogger - Skipping compilation because build context has no changes.
2019-10-30 13:09:35,977 [Worker-16: Building workspace] INFO  o.e.m.c.i.embedder.EclipseLogger - Skipping compilation because build context has no changes.
2019-10-30 13:09:35,979 [Worker-16: Building workspace] INFO  o.e.m.c.i.embedder.EclipseLogger - Using 'UTF-8' encoding to copy filtered resources.
2019-10-30 13:09:35,981 [Worker-16: Building workspace] INFO  o.e.m.c.i.embedder.EclipseLogger - Copying 0 resource
2019-10-30 13:09:35,982 [Worker-16: Building workspace] INFO  o.e.m.c.i.embedder.EclipseLogger - Copying 1 resource
2019-10-30 13:09:35,991 [Worker-16: Building workspace] INFO  o.e.m.c.i.embedder.EclipseLogger - Copying 1 resource
2019-10-30 13:09:35,993 [Worker-16: Building workspace] INFO  o.e.m.c.i.embedder.EclipseLogger - Using 'UTF-8' encoding to copy filtered resources.
2019-10-30 13:09:35,994 [Worker-16: Building workspace] INFO  o.e.m.c.i.embedder.EclipseLogger - Copying 0 resource
